CRITICAL - 2024-11-14 01:57:36 --> ErrorException: Undefined variable $db
[Method: GET, Route: /]
in APPPATH\Controllers\Home.php on line 9.
 1 APPPATH\Controllers\Home.php(9): CodeIgniter\Debug\Exceptions->errorHandler(2, 'Undefined variable $db', 'C:\\xampp\\htdocs\\app\\Controllers\\Home.php', 9)
 2 SYSTEMPATH\CodeIgniter.php(933): App\Controllers\Home->index()
 3 SYSTEMPATH\CodeIgniter.php(509): CodeIgniter\CodeIgniter->runController(Object(App\Controllers\Home))
 4 SYSTEMPATH\CodeIgniter.php(355): CodeIgniter\CodeIgniter->handleRequest(null, Object(Config\Cache), false)
 5 SYSTEMPATH\Boot.php(325): CodeIgniter\CodeIgniter->run()
 6 SYSTEMPATH\Boot.php(67): CodeIgniter\Boot::runCodeIgniter(Object(CodeIgniter\CodeIgniter))
 7 FCPATH\index.php(56): CodeIgniter\Boot::bootWeb(Object(Config\Paths))
ERROR - 2024-11-14 01:59:50 --> mysqli_sql_exception: Table 'ojak.my_table' doesn't exist in C:\xampp\htdocs\system\Database\MySQLi\Connection.php:312
Stack trace:
#0 C:\xampp\htdocs\system\Database\MySQLi\Connection.php(312): mysqli->query('SELECT name, ti...', 0)
#1 C:\xampp\htdocs\system\Database\BaseConnection.php(734): CodeIgniter\Database\MySQLi\Connection->execute('SELECT name, ti...')
#2 C:\xampp\htdocs\system\Database\BaseConnection.php(648): CodeIgniter\Database\BaseConnection->simpleQuery('SELECT name, ti...')
#3 C:\xampp\htdocs\app\Controllers\Home.php(10): CodeIgniter\Database\BaseConnection->query('SELECT name, ti...')
#4 C:\xampp\htdocs\system\CodeIgniter.php(933): App\Controllers\Home->index()
#5 C:\xampp\htdocs\system\CodeIgniter.php(509): CodeIgniter\CodeIgniter->runController(Object(App\Controllers\Home))
#6 C:\xampp\htdocs\system\CodeIgniter.php(355): CodeIgniter\CodeIgniter->handleRequest(NULL, Object(Config\Cache), false)
#7 C:\xampp\htdocs\system\Boot.php(325): CodeIgniter\CodeIgniter->run()
#8 C:\xampp\htdocs\system\Boot.php(67): CodeIgniter\Boot::runCodeIgniter(Object(CodeIgniter\CodeIgniter))
#9 C:\xampp\htdocs\public\index.php(56): CodeIgniter\Boot::bootWeb(Object(Config\Paths))
#10 {main}
CRITICAL - 2024-11-14 01:59:50 --> CodeIgniter\Database\Exceptions\DatabaseException: Table 'ojak.my_table' doesn't exist
[Method: GET, Route: /]
in SYSTEMPATH\Database\BaseConnection.php on line 688.
 1 APPPATH\Controllers\Home.php(10): CodeIgniter\Database\BaseConnection->query('SELECT name, title, email FROM my_table')
 2 SYSTEMPATH\CodeIgniter.php(933): App\Controllers\Home->index()
 3 SYSTEMPATH\CodeIgniter.php(509): CodeIgniter\CodeIgniter->runController(Object(App\Controllers\Home))
 4 SYSTEMPATH\CodeIgniter.php(355): CodeIgniter\CodeIgniter->handleRequest(null, Object(Config\Cache), false)
 5 SYSTEMPATH\Boot.php(325): CodeIgniter\CodeIgniter->run()
 6 SYSTEMPATH\Boot.php(67): CodeIgniter\Boot::runCodeIgniter(Object(CodeIgniter\CodeIgniter))
 7 FCPATH\index.php(56): CodeIgniter\Boot::bootWeb(Object(Config\Paths))
CRITICAL - 2024-11-14 01:59:50 --> [Caused by] CodeIgniter\Database\Exceptions\DatabaseException: Table 'ojak.my_table' doesn't exist
in SYSTEMPATH\Database\MySQLi\Connection.php on line 317.
 1 SYSTEMPATH\Database\BaseConnection.php(734): CodeIgniter\Database\MySQLi\Connection->execute('SELECT name, title, email FROM my_table')
 2 SYSTEMPATH\Database\BaseConnection.php(648): CodeIgniter\Database\BaseConnection->simpleQuery('SELECT name, title, email FROM my_table')
 3 APPPATH\Controllers\Home.php(10): CodeIgniter\Database\BaseConnection->query('SELECT name, title, email FROM my_table')
 4 SYSTEMPATH\CodeIgniter.php(933): App\Controllers\Home->index()
 5 SYSTEMPATH\CodeIgniter.php(509): CodeIgniter\CodeIgniter->runController(Object(App\Controllers\Home))
 6 SYSTEMPATH\CodeIgniter.php(355): CodeIgniter\CodeIgniter->handleRequest(null, Object(Config\Cache), false)
 7 SYSTEMPATH\Boot.php(325): CodeIgniter\CodeIgniter->run()
 8 SYSTEMPATH\Boot.php(67): CodeIgniter\Boot::runCodeIgniter(Object(CodeIgniter\CodeIgniter))
 9 FCPATH\index.php(56): CodeIgniter\Boot::bootWeb(Object(Config\Paths))
CRITICAL - 2024-11-14 01:59:50 --> [Caused by] mysqli_sql_exception: Table 'ojak.my_table' doesn't exist
in SYSTEMPATH\Database\MySQLi\Connection.php on line 312.
 1 SYSTEMPATH\Database\MySQLi\Connection.php(312): mysqli->query('SELECT name, title, email FROM my_table', 0)
 2 SYSTEMPATH\Database\BaseConnection.php(734): CodeIgniter\Database\MySQLi\Connection->execute('SELECT name, title, email FROM my_table')
 3 SYSTEMPATH\Database\BaseConnection.php(648): CodeIgniter\Database\BaseConnection->simpleQuery('SELECT name, title, email FROM my_table')
 4 APPPATH\Controllers\Home.php(10): CodeIgniter\Database\BaseConnection->query('SELECT name, title, email FROM my_table')
 5 SYSTEMPATH\CodeIgniter.php(933): App\Controllers\Home->index()
 6 SYSTEMPATH\CodeIgniter.php(509): CodeIgniter\CodeIgniter->runController(Object(App\Controllers\Home))
 7 SYSTEMPATH\CodeIgniter.php(355): CodeIgniter\CodeIgniter->handleRequest(null, Object(Config\Cache), false)
 8 SYSTEMPATH\Boot.php(325): CodeIgniter\CodeIgniter->run()
 9 SYSTEMPATH\Boot.php(67): CodeIgniter\Boot::runCodeIgniter(Object(CodeIgniter\CodeIgniter))
10 FCPATH\index.php(56): CodeIgniter\Boot::bootWeb(Object(Config\Paths))
ERROR - 2024-11-14 02:00:21 --> mysqli_sql_exception: Unknown column 'title' in 'field list' in C:\xampp\htdocs\system\Database\MySQLi\Connection.php:312
Stack trace:
#0 C:\xampp\htdocs\system\Database\MySQLi\Connection.php(312): mysqli->query('SELECT title, c...', 0)
#1 C:\xampp\htdocs\system\Database\BaseConnection.php(734): CodeIgniter\Database\MySQLi\Connection->execute('SELECT title, c...')
#2 C:\xampp\htdocs\system\Database\BaseConnection.php(648): CodeIgniter\Database\BaseConnection->simpleQuery('SELECT title, c...')
#3 C:\xampp\htdocs\app\Controllers\Home.php(10): CodeIgniter\Database\BaseConnection->query('SELECT title, c...')
#4 C:\xampp\htdocs\system\CodeIgniter.php(933): App\Controllers\Home->index()
#5 C:\xampp\htdocs\system\CodeIgniter.php(509): CodeIgniter\CodeIgniter->runController(Object(App\Controllers\Home))
#6 C:\xampp\htdocs\system\CodeIgniter.php(355): CodeIgniter\CodeIgniter->handleRequest(NULL, Object(Config\Cache), false)
#7 C:\xampp\htdocs\system\Boot.php(325): CodeIgniter\CodeIgniter->run()
#8 C:\xampp\htdocs\system\Boot.php(67): CodeIgniter\Boot::runCodeIgniter(Object(CodeIgniter\CodeIgniter))
#9 C:\xampp\htdocs\public\index.php(56): CodeIgniter\Boot::bootWeb(Object(Config\Paths))
#10 {main}
CRITICAL - 2024-11-14 02:00:21 --> CodeIgniter\Database\Exceptions\DatabaseException: Unknown column 'title' in 'field list'
[Method: GET, Route: /]
in SYSTEMPATH\Database\BaseConnection.php on line 688.
 1 APPPATH\Controllers\Home.php(10): CodeIgniter\Database\BaseConnection->query('SELECT title, content,created_at FROM community')
 2 SYSTEMPATH\CodeIgniter.php(933): App\Controllers\Home->index()
 3 SYSTEMPATH\CodeIgniter.php(509): CodeIgniter\CodeIgniter->runController(Object(App\Controllers\Home))
 4 SYSTEMPATH\CodeIgniter.php(355): CodeIgniter\CodeIgniter->handleRequest(null, Object(Config\Cache), false)
 5 SYSTEMPATH\Boot.php(325): CodeIgniter\CodeIgniter->run()
 6 SYSTEMPATH\Boot.php(67): CodeIgniter\Boot::runCodeIgniter(Object(CodeIgniter\CodeIgniter))
 7 FCPATH\index.php(56): CodeIgniter\Boot::bootWeb(Object(Config\Paths))
CRITICAL - 2024-11-14 02:00:21 --> [Caused by] CodeIgniter\Database\Exceptions\DatabaseException: Unknown column 'title' in 'field list'
in SYSTEMPATH\Database\MySQLi\Connection.php on line 317.
 1 SYSTEMPATH\Database\BaseConnection.php(734): CodeIgniter\Database\MySQLi\Connection->execute('SELECT title, content,created_at FROM community')
 2 SYSTEMPATH\Database\BaseConnection.php(648): CodeIgniter\Database\BaseConnection->simpleQuery('SELECT title, content,created_at FROM community')
 3 APPPATH\Controllers\Home.php(10): CodeIgniter\Database\BaseConnection->query('SELECT title, content,created_at FROM community')
 4 SYSTEMPATH\CodeIgniter.php(933): App\Controllers\Home->index()
 5 SYSTEMPATH\CodeIgniter.php(509): CodeIgniter\CodeIgniter->runController(Object(App\Controllers\Home))
 6 SYSTEMPATH\CodeIgniter.php(355): CodeIgniter\CodeIgniter->handleRequest(null, Object(Config\Cache), false)
 7 SYSTEMPATH\Boot.php(325): CodeIgniter\CodeIgniter->run()
 8 SYSTEMPATH\Boot.php(67): CodeIgniter\Boot::runCodeIgniter(Object(CodeIgniter\CodeIgniter))
 9 FCPATH\index.php(56): CodeIgniter\Boot::bootWeb(Object(Config\Paths))
CRITICAL - 2024-11-14 02:00:21 --> [Caused by] mysqli_sql_exception: Unknown column 'title' in 'field list'
in SYSTEMPATH\Database\MySQLi\Connection.php on line 312.
 1 SYSTEMPATH\Database\MySQLi\Connection.php(312): mysqli->query('SELECT title, content,created_at FROM community', 0)
 2 SYSTEMPATH\Database\BaseConnection.php(734): CodeIgniter\Database\MySQLi\Connection->execute('SELECT title, content,created_at FROM community')
 3 SYSTEMPATH\Database\BaseConnection.php(648): CodeIgniter\Database\BaseConnection->simpleQuery('SELECT title, content,created_at FROM community')
 4 APPPATH\Controllers\Home.php(10): CodeIgniter\Database\BaseConnection->query('SELECT title, content,created_at FROM community')
 5 SYSTEMPATH\CodeIgniter.php(933): App\Controllers\Home->index()
 6 SYSTEMPATH\CodeIgniter.php(509): CodeIgniter\CodeIgniter->runController(Object(App\Controllers\Home))
 7 SYSTEMPATH\CodeIgniter.php(355): CodeIgniter\CodeIgniter->handleRequest(null, Object(Config\Cache), false)
 8 SYSTEMPATH\Boot.php(325): CodeIgniter\CodeIgniter->run()
 9 SYSTEMPATH\Boot.php(67): CodeIgniter\Boot::runCodeIgniter(Object(CodeIgniter\CodeIgniter))
10 FCPATH\index.php(56): CodeIgniter\Boot::bootWeb(Object(Config\Paths))
CRITICAL - 2024-11-14 02:01:13 --> ErrorException: Array to string conversion
[Method: GET, Route: /]
in APPPATH\Controllers\Home.php on line 12.
 1 APPPATH\Controllers\Home.php(12): CodeIgniter\Debug\Exceptions->errorHandler(2, 'Array to string conversion', 'C:\\xampp\\htdocs\\app\\Controllers\\Home.php', 12)
 2 SYSTEMPATH\CodeIgniter.php(933): App\Controllers\Home->index()
 3 SYSTEMPATH\CodeIgniter.php(509): CodeIgniter\CodeIgniter->runController(Object(App\Controllers\Home))
 4 SYSTEMPATH\CodeIgniter.php(355): CodeIgniter\CodeIgniter->handleRequest(null, Object(Config\Cache), false)
 5 SYSTEMPATH\Boot.php(325): CodeIgniter\CodeIgniter->run()
 6 SYSTEMPATH\Boot.php(67): CodeIgniter\Boot::runCodeIgniter(Object(CodeIgniter\CodeIgniter))
 7 FCPATH\index.php(56): CodeIgniter\Boot::bootWeb(Object(Config\Paths))
CRITICAL - 2024-11-14 02:02:41 --> Error: Object of class stdClass could not be converted to string
[Method: GET, Route: /]
in APPPATH\Controllers\Home.php on line 12.
 1 APPPATH\Controllers\Home.php(12): implode(' ', [...])
 2 SYSTEMPATH\CodeIgniter.php(933): App\Controllers\Home->index()
 3 SYSTEMPATH\CodeIgniter.php(509): CodeIgniter\CodeIgniter->runController(Object(App\Controllers\Home))
 4 SYSTEMPATH\CodeIgniter.php(355): CodeIgniter\CodeIgniter->handleRequest(null, Object(Config\Cache), false)
 5 SYSTEMPATH\Boot.php(325): CodeIgniter\CodeIgniter->run()
 6 SYSTEMPATH\Boot.php(67): CodeIgniter\Boot::runCodeIgniter(Object(CodeIgniter\CodeIgniter))
 7 FCPATH\index.php(56): CodeIgniter\Boot::bootWeb(Object(Config\Paths))
CRITICAL - 2024-11-14 02:02:56 --> Error: Object of class stdClass could not be converted to string
[Method: GET, Route: /]
in APPPATH\Controllers\Home.php on line 13.
 1 SYSTEMPATH\CodeIgniter.php(933): App\Controllers\Home->index()
 2 SYSTEMPATH\CodeIgniter.php(509): CodeIgniter\CodeIgniter->runController(Object(App\Controllers\Home))
 3 SYSTEMPATH\CodeIgniter.php(355): CodeIgniter\CodeIgniter->handleRequest(null, Object(Config\Cache), false)
 4 SYSTEMPATH\Boot.php(325): CodeIgniter\CodeIgniter->run()
 5 SYSTEMPATH\Boot.php(67): CodeIgniter\Boot::runCodeIgniter(Object(CodeIgniter\CodeIgniter))
 6 FCPATH\index.php(56): CodeIgniter\Boot::bootWeb(Object(Config\Paths))
CRITICAL - 2024-11-14 02:03:23 --> ErrorException: Undefined property: stdClass::$title
[Method: GET, Route: /]
in APPPATH\Controllers\Home.php on line 13.
 1 APPPATH\Controllers\Home.php(13): CodeIgniter\Debug\Exceptions->errorHandler(2, 'Undefined property: stdClass::$title', 'C:\\xampp\\htdocs\\app\\Controllers\\Home.php', 13)
 2 SYSTEMPATH\CodeIgniter.php(933): App\Controllers\Home->index()
 3 SYSTEMPATH\CodeIgniter.php(509): CodeIgniter\CodeIgniter->runController(Object(App\Controllers\Home))
 4 SYSTEMPATH\CodeIgniter.php(355): CodeIgniter\CodeIgniter->handleRequest(null, Object(Config\Cache), false)
 5 SYSTEMPATH\Boot.php(325): CodeIgniter\CodeIgniter->run()
 6 SYSTEMPATH\Boot.php(67): CodeIgniter\Boot::runCodeIgniter(Object(CodeIgniter\CodeIgniter))
 7 FCPATH\index.php(56): CodeIgniter\Boot::bootWeb(Object(Config\Paths))
CRITICAL - 2024-11-14 02:03:40 --> Error: Object of class stdClass could not be converted to string
[Method: GET, Route: /]
in APPPATH\Controllers\Home.php on line 13.
 1 SYSTEMPATH\CodeIgniter.php(933): App\Controllers\Home->index()
 2 SYSTEMPATH\CodeIgniter.php(509): CodeIgniter\CodeIgniter->runController(Object(App\Controllers\Home))
 3 SYSTEMPATH\CodeIgniter.php(355): CodeIgniter\CodeIgniter->handleRequest(null, Object(Config\Cache), false)
 4 SYSTEMPATH\Boot.php(325): CodeIgniter\CodeIgniter->run()
 5 SYSTEMPATH\Boot.php(67): CodeIgniter\Boot::runCodeIgniter(Object(CodeIgniter\CodeIgniter))
 6 FCPATH\index.php(56): CodeIgniter\Boot::bootWeb(Object(Config\Paths))
CRITICAL - 2024-11-14 02:03:55 --> Error: Cannot use object of type stdClass as array
[Method: GET, Route: /]
in APPPATH\Controllers\Home.php on line 13.
 1 SYSTEMPATH\CodeIgniter.php(933): App\Controllers\Home->index()
 2 SYSTEMPATH\CodeIgniter.php(509): CodeIgniter\CodeIgniter->runController(Object(App\Controllers\Home))
 3 SYSTEMPATH\CodeIgniter.php(355): CodeIgniter\CodeIgniter->handleRequest(null, Object(Config\Cache), false)
 4 SYSTEMPATH\Boot.php(325): CodeIgniter\CodeIgniter->run()
 5 SYSTEMPATH\Boot.php(67): CodeIgniter\Boot::runCodeIgniter(Object(CodeIgniter\CodeIgniter))
 6 FCPATH\index.php(56): CodeIgniter\Boot::bootWeb(Object(Config\Paths))
CRITICAL - 2024-11-14 02:09:49 --> ErrorException: Undefined variable $contents
[Method: GET, Route: community]
in APPPATH\Views\component\application.php on line 30.
 1 APPPATH\Views\component\application.php(30): CodeIgniter\Debug\Exceptions->errorHandler(2, 'Undefined variable $contents', 'C:\\xampp\\htdocs\\app\\Views\\component\\application.php', 30)
 2 SYSTEMPATH\View\View.php(234): include('C:\\xampp\\htdocs\\app\\Views\\component\\application.php')
 3 SYSTEMPATH\View\View.php(237): CodeIgniter\View\View->CodeIgniter\View\{closure}()
 4 SYSTEMPATH\Common.php(1171): CodeIgniter\View\View->render('component/application', [], true)
 5 APPPATH\Controllers\Community.php(10): view('component/application', [...])
 6 SYSTEMPATH\CodeIgniter.php(933): App\Controllers\Community->index()
 7 SYSTEMPATH\CodeIgniter.php(509): CodeIgniter\CodeIgniter->runController(Object(App\Controllers\Community))
 8 SYSTEMPATH\CodeIgniter.php(355): CodeIgniter\CodeIgniter->handleRequest(null, Object(Config\Cache), false)
 9 SYSTEMPATH\Boot.php(325): CodeIgniter\CodeIgniter->run()
10 SYSTEMPATH\Boot.php(67): CodeIgniter\Boot::runCodeIgniter(Object(CodeIgniter\CodeIgniter))
11 FCPATH\index.php(56): CodeIgniter\Boot::bootWeb(Object(Config\Paths))
CRITICAL - 2024-11-14 02:10:37 --> ErrorException: Undefined variable $contents
[Method: GET, Route: community]
in APPPATH\Views\component\application.php on line 30.
 1 APPPATH\Views\component\application.php(30): CodeIgniter\Debug\Exceptions->errorHandler(2, 'Undefined variable $contents', 'C:\\xampp\\htdocs\\app\\Views\\component\\application.php', 30)
 2 SYSTEMPATH\View\View.php(234): include('C:\\xampp\\htdocs\\app\\Views\\component\\application.php')
 3 SYSTEMPATH\View\View.php(237): CodeIgniter\View\View->CodeIgniter\View\{closure}()
 4 SYSTEMPATH\Common.php(1171): CodeIgniter\View\View->render('component/application', [], true)
 5 APPPATH\Controllers\Community.php(10): view('component/application', [...])
 6 SYSTEMPATH\CodeIgniter.php(933): App\Controllers\Community->index()
 7 SYSTEMPATH\CodeIgniter.php(509): CodeIgniter\CodeIgniter->runController(Object(App\Controllers\Community))
 8 SYSTEMPATH\CodeIgniter.php(355): CodeIgniter\CodeIgniter->handleRequest(null, Object(Config\Cache), false)
 9 SYSTEMPATH\Boot.php(325): CodeIgniter\CodeIgniter->run()
10 SYSTEMPATH\Boot.php(67): CodeIgniter\Boot::runCodeIgniter(Object(CodeIgniter\CodeIgniter))
11 FCPATH\index.php(56): CodeIgniter\Boot::bootWeb(Object(Config\Paths))
CRITICAL - 2024-11-14 04:05:12 --> ErrorException: Undefined array key "content"
[Method: POST, Route: community/insert]
in APPPATH\Controllers\Community.php on line 25.
 1 APPPATH\Controllers\Community.php(25): CodeIgniter\Debug\Exceptions->errorHandler(2, 'Undefined array key "content"', 'C:\\xampp\\htdocs\\app\\Controllers\\Community.php', 25)
 2 SYSTEMPATH\CodeIgniter.php(933): App\Controllers\Community->insert()
 3 SYSTEMPATH\CodeIgniter.php(509): CodeIgniter\CodeIgniter->runController(Object(App\Controllers\Community))
 4 SYSTEMPATH\CodeIgniter.php(355): CodeIgniter\CodeIgniter->handleRequest(null, Object(Config\Cache), false)
 5 SYSTEMPATH\Boot.php(325): CodeIgniter\CodeIgniter->run()
 6 SYSTEMPATH\Boot.php(67): CodeIgniter\Boot::runCodeIgniter(Object(CodeIgniter\CodeIgniter))
 7 FCPATH\index.php(56): CodeIgniter\Boot::bootWeb(Object(Config\Paths))
CRITICAL - 2024-11-14 04:09:23 --> ErrorException: Undefined array key "content"
[Method: POST, Route: community/insert]
in APPPATH\Controllers\Community.php on line 25.
 1 APPPATH\Controllers\Community.php(25): CodeIgniter\Debug\Exceptions->errorHandler(2, 'Undefined array key "content"', 'C:\\xampp\\htdocs\\app\\Controllers\\Community.php', 25)
 2 SYSTEMPATH\CodeIgniter.php(933): App\Controllers\Community->insert()
 3 SYSTEMPATH\CodeIgniter.php(509): CodeIgniter\CodeIgniter->runController(Object(App\Controllers\Community))
 4 SYSTEMPATH\CodeIgniter.php(355): CodeIgniter\CodeIgniter->handleRequest(null, Object(Config\Cache), false)
 5 SYSTEMPATH\Boot.php(325): CodeIgniter\CodeIgniter->run()
 6 SYSTEMPATH\Boot.php(67): CodeIgniter\Boot::runCodeIgniter(Object(CodeIgniter\CodeIgniter))
 7 FCPATH\index.php(56): CodeIgniter\Boot::bootWeb(Object(Config\Paths))
CRITICAL - 2024-11-14 04:10:02 --> ErrorException: Undefined array key "content"
[Method: POST, Route: community/insert]
in APPPATH\Controllers\Community.php on line 25.
 1 APPPATH\Controllers\Community.php(25): CodeIgniter\Debug\Exceptions->errorHandler(2, 'Undefined array key "content"', 'C:\\xampp\\htdocs\\app\\Controllers\\Community.php', 25)
 2 SYSTEMPATH\CodeIgniter.php(933): App\Controllers\Community->insert()
 3 SYSTEMPATH\CodeIgniter.php(509): CodeIgniter\CodeIgniter->runController(Object(App\Controllers\Community))
 4 SYSTEMPATH\CodeIgniter.php(355): CodeIgniter\CodeIgniter->handleRequest(null, Object(Config\Cache), false)
 5 SYSTEMPATH\Boot.php(325): CodeIgniter\CodeIgniter->run()
 6 SYSTEMPATH\Boot.php(67): CodeIgniter\Boot::runCodeIgniter(Object(CodeIgniter\CodeIgniter))
 7 FCPATH\index.php(56): CodeIgniter\Boot::bootWeb(Object(Config\Paths))
CRITICAL - 2024-11-14 07:15:57 --> Error: Class "APP\Models\CommunityModel" not found
[Method: POST, Route: api/insert]
in APPPATH\Controllers\Api.php on line 14.
 1 SYSTEMPATH\CodeIgniter.php(933): App\Controllers\Api->insert()
 2 SYSTEMPATH\CodeIgniter.php(509): CodeIgniter\CodeIgniter->runController(Object(App\Controllers\Api))
 3 SYSTEMPATH\CodeIgniter.php(355): CodeIgniter\CodeIgniter->handleRequest(null, Object(Config\Cache), false)
 4 SYSTEMPATH\Boot.php(325): CodeIgniter\CodeIgniter->run()
 5 SYSTEMPATH\Boot.php(67): CodeIgniter\Boot::runCodeIgniter(Object(CodeIgniter\CodeIgniter))
 6 FCPATH\index.php(56): CodeIgniter\Boot::bootWeb(Object(Config\Paths))
CRITICAL - 2024-11-14 07:17:10 --> Error: Class "APP\Models\CommunityModel" not found
[Method: POST, Route: api/insert]
in APPPATH\Controllers\Api.php on line 14.
 1 SYSTEMPATH\CodeIgniter.php(933): App\Controllers\Api->insert()
 2 SYSTEMPATH\CodeIgniter.php(509): CodeIgniter\CodeIgniter->runController(Object(App\Controllers\Api))
 3 SYSTEMPATH\CodeIgniter.php(355): CodeIgniter\CodeIgniter->handleRequest(null, Object(Config\Cache), false)
 4 SYSTEMPATH\Boot.php(325): CodeIgniter\CodeIgniter->run()
 5 SYSTEMPATH\Boot.php(67): CodeIgniter\Boot::runCodeIgniter(Object(CodeIgniter\CodeIgniter))
 6 FCPATH\index.php(56): CodeIgniter\Boot::bootWeb(Object(Config\Paths))
CRITICAL - 2024-11-14 07:19:12 --> Error: Class "APP\Models\CommunityModel" not found
[Method: POST, Route: api/insert]
in APPPATH\Controllers\Api.php on line 14.
 1 SYSTEMPATH\CodeIgniter.php(933): App\Controllers\Api->insert()
 2 SYSTEMPATH\CodeIgniter.php(509): CodeIgniter\CodeIgniter->runController(Object(App\Controllers\Api))
 3 SYSTEMPATH\CodeIgniter.php(355): CodeIgniter\CodeIgniter->handleRequest(null, Object(Config\Cache), false)
 4 SYSTEMPATH\Boot.php(325): CodeIgniter\CodeIgniter->run()
 5 SYSTEMPATH\Boot.php(67): CodeIgniter\Boot::runCodeIgniter(Object(CodeIgniter\CodeIgniter))
 6 FCPATH\index.php(56): CodeIgniter\Boot::bootWeb(Object(Config\Paths))
CRITICAL - 2024-11-14 08:21:07 --> ErrorException: Attempt to read property "communityId" on array
[Method: GET, Route: community/1]
in APPPATH\Views\community\detail.php on line 3.
 1 APPPATH\Views\community\detail.php(3): CodeIgniter\Debug\Exceptions->errorHandler(2, 'Attempt to read property "communityId" on array', 'C:\\xampp\\htdocs\\app\\Views\\community\\detail.php', 3)
 2 SYSTEMPATH\View\View.php(234): include('C:\\xampp\\htdocs\\app\\Views\\community\\detail.php')
 3 SYSTEMPATH\View\View.php(237): CodeIgniter\View\View->CodeIgniter\View\{closure}()
 4 SYSTEMPATH\Common.php(1171): CodeIgniter\View\View->render('community/detail', [], true)
 5 APPPATH\Views\component\application.php(33): view('community/detail', [...])
 6 SYSTEMPATH\View\View.php(234): include('C:\\xampp\\htdocs\\app\\Views\\component\\application.php')
 7 SYSTEMPATH\View\View.php(237): CodeIgniter\View\View->CodeIgniter\View\{closure}()
 8 SYSTEMPATH\Common.php(1171): CodeIgniter\View\View->render('component/application', [], true)
 9 APPPATH\Controllers\Community.php(31): view('component/application', [...])
10 SYSTEMPATH\CodeIgniter.php(933): App\Controllers\Community->detail('$1')
11 SYSTEMPATH\CodeIgniter.php(509): CodeIgniter\CodeIgniter->runController(Object(App\Controllers\Community))
12 SYSTEMPATH\CodeIgniter.php(355): CodeIgniter\CodeIgniter->handleRequest(null, Object(Config\Cache), false)
13 SYSTEMPATH\Boot.php(325): CodeIgniter\CodeIgniter->run()
14 SYSTEMPATH\Boot.php(67): CodeIgniter\Boot::runCodeIgniter(Object(CodeIgniter\CodeIgniter))
15 FCPATH\index.php(56): CodeIgniter\Boot::bootWeb(Object(Config\Paths))
CRITICAL - 2024-11-14 08:23:01 --> ArgumentCountError: Too few arguments to function App\Controllers\Community::detail(), 0 passed in C:\xampp\htdocs\system\CodeIgniter.php on line 933 and exactly 1 expected
[Method: GET, Route: community/1]
in APPPATH\Controllers\Community.php on line 26.
 1 SYSTEMPATH\CodeIgniter.php(933): App\Controllers\Community->detail()
 2 SYSTEMPATH\CodeIgniter.php(509): CodeIgniter\CodeIgniter->runController(Object(App\Controllers\Community))
 3 SYSTEMPATH\CodeIgniter.php(355): CodeIgniter\CodeIgniter->handleRequest(null, Object(Config\Cache), false)
 4 SYSTEMPATH\Boot.php(325): CodeIgniter\CodeIgniter->run()
 5 SYSTEMPATH\Boot.php(67): CodeIgniter\Boot::runCodeIgniter(Object(CodeIgniter\CodeIgniter))
 6 FCPATH\index.php(56): CodeIgniter\Boot::bootWeb(Object(Config\Paths))
CRITICAL - 2024-11-14 08:32:59 --> Error: Call to a member function setJSON() on null
[Method: GET, Route: community/2]
in APPPATH\Controllers\Api.php on line 15.
 1 APPPATH\Controllers\Community.php(31): App\Controllers\Api->getById('2')
 2 SYSTEMPATH\CodeIgniter.php(933): App\Controllers\Community->detail('2')
 3 SYSTEMPATH\CodeIgniter.php(509): CodeIgniter\CodeIgniter->runController(Object(App\Controllers\Community))
 4 SYSTEMPATH\CodeIgniter.php(355): CodeIgniter\CodeIgniter->handleRequest(null, Object(Config\Cache), false)
 5 SYSTEMPATH\Boot.php(325): CodeIgniter\CodeIgniter->run()
 6 SYSTEMPATH\Boot.php(67): CodeIgniter\Boot::runCodeIgniter(Object(CodeIgniter\CodeIgniter))
 7 FCPATH\index.php(56): CodeIgniter\Boot::bootWeb(Object(Config\Paths))
CRITICAL - 2024-11-14 08:34:08 --> Error: Call to a member function setJSON() on null
[Method: GET, Route: community/1]
in APPPATH\Controllers\Api.php on line 15.
 1 APPPATH\Controllers\Community.php(31): App\Controllers\Api->getById('1')
 2 SYSTEMPATH\CodeIgniter.php(933): App\Controllers\Community->detail('1')
 3 SYSTEMPATH\CodeIgniter.php(509): CodeIgniter\CodeIgniter->runController(Object(App\Controllers\Community))
 4 SYSTEMPATH\CodeIgniter.php(355): CodeIgniter\CodeIgniter->handleRequest(null, Object(Config\Cache), false)
 5 SYSTEMPATH\Boot.php(325): CodeIgniter\CodeIgniter->run()
 6 SYSTEMPATH\Boot.php(67): CodeIgniter\Boot::runCodeIgniter(Object(CodeIgniter\CodeIgniter))
 7 FCPATH\index.php(56): CodeIgniter\Boot::bootWeb(Object(Config\Paths))
CRITICAL - 2024-11-14 08:34:46 --> Error: Call to a member function setJSON() on null
[Method: GET, Route: community/1]
in APPPATH\Controllers\Api.php on line 17.
 1 APPPATH\Controllers\Community.php(31): App\Controllers\Api->getById('1')
 2 SYSTEMPATH\CodeIgniter.php(933): App\Controllers\Community->detail('1')
 3 SYSTEMPATH\CodeIgniter.php(509): CodeIgniter\CodeIgniter->runController(Object(App\Controllers\Community))
 4 SYSTEMPATH\CodeIgniter.php(355): CodeIgniter\CodeIgniter->handleRequest(null, Object(Config\Cache), false)
 5 SYSTEMPATH\Boot.php(325): CodeIgniter\CodeIgniter->run()
 6 SYSTEMPATH\Boot.php(67): CodeIgniter\Boot::runCodeIgniter(Object(CodeIgniter\CodeIgniter))
 7 FCPATH\index.php(56): CodeIgniter\Boot::bootWeb(Object(Config\Paths))
CRITICAL - 2024-11-14 08:35:23 --> Error: Call to a member function setJSON() on null
[Method: GET, Route: community/1]
in APPPATH\Controllers\Api.php on line 17.
 1 APPPATH\Controllers\Community.php(31): App\Controllers\Api->getById('1')
 2 SYSTEMPATH\CodeIgniter.php(933): App\Controllers\Community->detail('1')
 3 SYSTEMPATH\CodeIgniter.php(509): CodeIgniter\CodeIgniter->runController(Object(App\Controllers\Community))
 4 SYSTEMPATH\CodeIgniter.php(355): CodeIgniter\CodeIgniter->handleRequest(null, Object(Config\Cache), false)
 5 SYSTEMPATH\Boot.php(325): CodeIgniter\CodeIgniter->run()
 6 SYSTEMPATH\Boot.php(67): CodeIgniter\Boot::runCodeIgniter(Object(CodeIgniter\CodeIgniter))
 7 FCPATH\index.php(56): CodeIgniter\Boot::bootWeb(Object(Config\Paths))
CRITICAL - 2024-11-14 08:35:55 --> Error: Call to a member function setJSON() on null
[Method: GET, Route: community/1]
in APPPATH\Controllers\Api.php on line 17.
 1 APPPATH\Controllers\Community.php(31): App\Controllers\Api->getById('1')
 2 SYSTEMPATH\CodeIgniter.php(933): App\Controllers\Community->detail('1')
 3 SYSTEMPATH\CodeIgniter.php(509): CodeIgniter\CodeIgniter->runController(Object(App\Controllers\Community))
 4 SYSTEMPATH\CodeIgniter.php(355): CodeIgniter\CodeIgniter->handleRequest(null, Object(Config\Cache), false)
 5 SYSTEMPATH\Boot.php(325): CodeIgniter\CodeIgniter->run()
 6 SYSTEMPATH\Boot.php(67): CodeIgniter\Boot::runCodeIgniter(Object(CodeIgniter\CodeIgniter))
 7 FCPATH\index.php(56): CodeIgniter\Boot::bootWeb(Object(Config\Paths))
CRITICAL - 2024-11-14 08:36:18 --> TypeError: view(): Argument #2 ($data) must be of type array, string given, called in C:\xampp\htdocs\app\Views\component\application.php on line 33
[Method: GET, Route: community/1]
in SYSTEMPATH\Common.php on line 1159.
 1 APPPATH\Views\component\application.php(33): view('community/detail', 'hi')
 2 SYSTEMPATH\View\View.php(234): include('C:\\xampp\\htdocs\\app\\Views\\component\\application.php')
 3 SYSTEMPATH\View\View.php(237): CodeIgniter\View\View->CodeIgniter\View\{closure}()
 4 SYSTEMPATH\Common.php(1171): CodeIgniter\View\View->render('component/application', [], true)
 5 APPPATH\Controllers\Community.php(34): view('component/application', [...])
 6 SYSTEMPATH\CodeIgniter.php(933): App\Controllers\Community->detail('1')
 7 SYSTEMPATH\CodeIgniter.php(509): CodeIgniter\CodeIgniter->runController(Object(App\Controllers\Community))
 8 SYSTEMPATH\CodeIgniter.php(355): CodeIgniter\CodeIgniter->handleRequest(null, Object(Config\Cache), false)
 9 SYSTEMPATH\Boot.php(325): CodeIgniter\CodeIgniter->run()
10 SYSTEMPATH\Boot.php(67): CodeIgniter\Boot::runCodeIgniter(Object(CodeIgniter\CodeIgniter))
11 FCPATH\index.php(56): CodeIgniter\Boot::bootWeb(Object(Config\Paths))
CRITICAL - 2024-11-14 08:36:38 --> ErrorException: Undefined array key "communityId"
[Method: GET, Route: community/1]
in APPPATH\Views\community\detail.php on line 9.
 1 APPPATH\Views\community\detail.php(9): CodeIgniter\Debug\Exceptions->errorHandler(2, 'Undefined array key "communityId"', 'C:\\xampp\\htdocs\\app\\Views\\community\\detail.php', 9)
 2 SYSTEMPATH\View\View.php(234): include('C:\\xampp\\htdocs\\app\\Views\\community\\detail.php')
 3 SYSTEMPATH\View\View.php(237): CodeIgniter\View\View->CodeIgniter\View\{closure}()
 4 SYSTEMPATH\Common.php(1171): CodeIgniter\View\View->render('community/detail', [], true)
 5 APPPATH\Views\component\application.php(33): view('community/detail', [...])
 6 SYSTEMPATH\View\View.php(234): include('C:\\xampp\\htdocs\\app\\Views\\component\\application.php')
 7 SYSTEMPATH\View\View.php(237): CodeIgniter\View\View->CodeIgniter\View\{closure}()
 8 SYSTEMPATH\Common.php(1171): CodeIgniter\View\View->render('component/application', [], true)
 9 APPPATH\Controllers\Community.php(34): view('component/application', [...])
10 SYSTEMPATH\CodeIgniter.php(933): App\Controllers\Community->detail('1')
11 SYSTEMPATH\CodeIgniter.php(509): CodeIgniter\CodeIgniter->runController(Object(App\Controllers\Community))
12 SYSTEMPATH\CodeIgniter.php(355): CodeIgniter\CodeIgniter->handleRequest(null, Object(Config\Cache), false)
13 SYSTEMPATH\Boot.php(325): CodeIgniter\CodeIgniter->run()
14 SYSTEMPATH\Boot.php(67): CodeIgniter\Boot::runCodeIgniter(Object(CodeIgniter\CodeIgniter))
15 FCPATH\index.php(56): CodeIgniter\Boot::bootWeb(Object(Config\Paths))
CRITICAL - 2024-11-14 08:42:32 --> ErrorException: Attempt to read property "id" on array
[Method: GET, Route: community/1]
in APPPATH\Views\community\detail.php on line 11.
 1 APPPATH\Views\community\detail.php(11): CodeIgniter\Debug\Exceptions->errorHandler(2, 'Attempt to read property "id" on array', 'C:\\xampp\\htdocs\\app\\Views\\community\\detail.php', 11)
 2 SYSTEMPATH\View\View.php(234): include('C:\\xampp\\htdocs\\app\\Views\\community\\detail.php')
 3 SYSTEMPATH\View\View.php(237): CodeIgniter\View\View->CodeIgniter\View\{closure}()
 4 SYSTEMPATH\Common.php(1171): CodeIgniter\View\View->render('community/detail', [], true)
 5 APPPATH\Views\component\application.php(33): view('community/detail', [...])
 6 SYSTEMPATH\View\View.php(234): include('C:\\xampp\\htdocs\\app\\Views\\component\\application.php')
 7 SYSTEMPATH\View\View.php(237): CodeIgniter\View\View->CodeIgniter\View\{closure}()
 8 SYSTEMPATH\Common.php(1171): CodeIgniter\View\View->render('component/application', [], true)
 9 APPPATH\Controllers\Community.php(37): view('component/application', [...])
10 SYSTEMPATH\CodeIgniter.php(933): App\Controllers\Community->detail('1')
11 SYSTEMPATH\CodeIgniter.php(509): CodeIgniter\CodeIgniter->runController(Object(App\Controllers\Community))
12 SYSTEMPATH\CodeIgniter.php(355): CodeIgniter\CodeIgniter->handleRequest(null, Object(Config\Cache), false)
13 SYSTEMPATH\Boot.php(325): CodeIgniter\CodeIgniter->run()
14 SYSTEMPATH\Boot.php(67): CodeIgniter\Boot::runCodeIgniter(Object(CodeIgniter\CodeIgniter))
15 FCPATH\index.php(56): CodeIgniter\Boot::bootWeb(Object(Config\Paths))
CRITICAL - 2024-11-14 08:42:40 --> ErrorException: Undefined array key 0
[Method: GET, Route: community/1]
in APPPATH\Views\community\detail.php on line 11.
 1 APPPATH\Views\community\detail.php(11): CodeIgniter\Debug\Exceptions->errorHandler(2, 'Undefined array key 0', 'C:\\xampp\\htdocs\\app\\Views\\community\\detail.php', 11)
 2 SYSTEMPATH\View\View.php(234): include('C:\\xampp\\htdocs\\app\\Views\\community\\detail.php')
 3 SYSTEMPATH\View\View.php(237): CodeIgniter\View\View->CodeIgniter\View\{closure}()
 4 SYSTEMPATH\Common.php(1171): CodeIgniter\View\View->render('community/detail', [], true)
 5 APPPATH\Views\component\application.php(33): view('community/detail', [...])
 6 SYSTEMPATH\View\View.php(234): include('C:\\xampp\\htdocs\\app\\Views\\component\\application.php')
 7 SYSTEMPATH\View\View.php(237): CodeIgniter\View\View->CodeIgniter\View\{closure}()
 8 SYSTEMPATH\Common.php(1171): CodeIgniter\View\View->render('component/application', [], true)
 9 APPPATH\Controllers\Community.php(37): view('component/application', [...])
10 SYSTEMPATH\CodeIgniter.php(933): App\Controllers\Community->detail('1')
11 SYSTEMPATH\CodeIgniter.php(509): CodeIgniter\CodeIgniter->runController(Object(App\Controllers\Community))
12 SYSTEMPATH\CodeIgniter.php(355): CodeIgniter\CodeIgniter->handleRequest(null, Object(Config\Cache), false)
13 SYSTEMPATH\Boot.php(325): CodeIgniter\CodeIgniter->run()
14 SYSTEMPATH\Boot.php(67): CodeIgniter\Boot::runCodeIgniter(Object(CodeIgniter\CodeIgniter))
15 FCPATH\index.php(56): CodeIgniter\Boot::bootWeb(Object(Config\Paths))
CRITICAL - 2024-11-14 08:42:51 --> ErrorException: Array to string conversion
[Method: GET, Route: community/1]
in APPPATH\Views\community\detail.php on line 11.
 1 APPPATH\Views\community\detail.php(11): CodeIgniter\Debug\Exceptions->errorHandler(2, 'Array to string conversion', 'C:\\xampp\\htdocs\\app\\Views\\community\\detail.php', 11)
 2 SYSTEMPATH\View\View.php(234): include('C:\\xampp\\htdocs\\app\\Views\\community\\detail.php')
 3 SYSTEMPATH\View\View.php(237): CodeIgniter\View\View->CodeIgniter\View\{closure}()
 4 SYSTEMPATH\Common.php(1171): CodeIgniter\View\View->render('community/detail', [], true)
 5 APPPATH\Views\component\application.php(33): view('community/detail', [...])
 6 SYSTEMPATH\View\View.php(234): include('C:\\xampp\\htdocs\\app\\Views\\component\\application.php')
 7 SYSTEMPATH\View\View.php(237): CodeIgniter\View\View->CodeIgniter\View\{closure}()
 8 SYSTEMPATH\Common.php(1171): CodeIgniter\View\View->render('component/application', [], true)
 9 APPPATH\Controllers\Community.php(37): view('component/application', [...])
10 SYSTEMPATH\CodeIgniter.php(933): App\Controllers\Community->detail('1')
11 SYSTEMPATH\CodeIgniter.php(509): CodeIgniter\CodeIgniter->runController(Object(App\Controllers\Community))
12 SYSTEMPATH\CodeIgniter.php(355): CodeIgniter\CodeIgniter->handleRequest(null, Object(Config\Cache), false)
13 SYSTEMPATH\Boot.php(325): CodeIgniter\CodeIgniter->run()
14 SYSTEMPATH\Boot.php(67): CodeIgniter\Boot::runCodeIgniter(Object(CodeIgniter\CodeIgniter))
15 FCPATH\index.php(56): CodeIgniter\Boot::bootWeb(Object(Config\Paths))
CRITICAL - 2024-11-14 08:46:03 --> ErrorException: Undefined variable $contents
[Method: GET, Route: community/4]
in APPPATH\Views\community\detail.php on line 9.
 1 APPPATH\Views\community\detail.php(9): CodeIgniter\Debug\Exceptions->errorHandler(2, 'Undefined variable $contents', 'C:\\xampp\\htdocs\\app\\Views\\community\\detail.php', 9)
 2 SYSTEMPATH\View\View.php(234): include('C:\\xampp\\htdocs\\app\\Views\\community\\detail.php')
 3 SYSTEMPATH\View\View.php(237): CodeIgniter\View\View->CodeIgniter\View\{closure}()
 4 SYSTEMPATH\Common.php(1171): CodeIgniter\View\View->render('community/detail', [], true)
 5 APPPATH\Views\component\application.php(33): view('community/detail')
 6 SYSTEMPATH\View\View.php(234): include('C:\\xampp\\htdocs\\app\\Views\\component\\application.php')
 7 SYSTEMPATH\View\View.php(237): CodeIgniter\View\View->CodeIgniter\View\{closure}()
 8 SYSTEMPATH\Common.php(1171): CodeIgniter\View\View->render('component/application', [], true)
 9 APPPATH\Controllers\Community.php(37): view('component/application', [...])
10 SYSTEMPATH\CodeIgniter.php(933): App\Controllers\Community->detail('4')
11 SYSTEMPATH\CodeIgniter.php(509): CodeIgniter\CodeIgniter->runController(Object(App\Controllers\Community))
12 SYSTEMPATH\CodeIgniter.php(355): CodeIgniter\CodeIgniter->handleRequest(null, Object(Config\Cache), false)
13 SYSTEMPATH\Boot.php(325): CodeIgniter\CodeIgniter->run()
14 SYSTEMPATH\Boot.php(67): CodeIgniter\Boot::runCodeIgniter(Object(CodeIgniter\CodeIgniter))
15 FCPATH\index.php(56): CodeIgniter\Boot::bootWeb(Object(Config\Paths))
CRITICAL - 2024-11-14 08:47:58 --> TypeError: Cannot use "::class" on value of type null
[Method: GET, Route: community/4]
in APPPATH\Views\errors\cli\error_exception.php on line 6.
 1 APPPATH\Views\errors\cli\production.php(5): include()
 2 SYSTEMPATH\View\View.php(234): include('C:\\xampp\\htdocs\\app\\Views\\errors\\cli\\production.php')
 3 SYSTEMPATH\View\View.php(237): CodeIgniter\View\View->CodeIgniter\View\{closure}()
 4 SYSTEMPATH\Common.php(1171): CodeIgniter\View\View->render('errors/cli/production', [], true)
 5 APPPATH\Views\component\application.php(33): view('errors/cli/production')
 6 SYSTEMPATH\View\View.php(234): include('C:\\xampp\\htdocs\\app\\Views\\component\\application.php')
 7 SYSTEMPATH\View\View.php(237): CodeIgniter\View\View->CodeIgniter\View\{closure}()
 8 SYSTEMPATH\Common.php(1171): CodeIgniter\View\View->render('component/application', [], true)
 9 APPPATH\Controllers\Community.php(39): view('component/application', [...])
10 SYSTEMPATH\CodeIgniter.php(933): App\Controllers\Community->detail('4')
11 SYSTEMPATH\CodeIgniter.php(509): CodeIgniter\CodeIgniter->runController(Object(App\Controllers\Community))
12 SYSTEMPATH\CodeIgniter.php(355): CodeIgniter\CodeIgniter->handleRequest(null, Object(Config\Cache), false)
13 SYSTEMPATH\Boot.php(325): CodeIgniter\CodeIgniter->run()
14 SYSTEMPATH\Boot.php(67): CodeIgniter\Boot::runCodeIgniter(Object(CodeIgniter\CodeIgniter))
15 FCPATH\index.php(56): CodeIgniter\Boot::bootWeb(Object(Config\Paths))
CRITICAL - 2024-11-14 08:47:58 --> [Caused by] ErrorException: Undefined variable $exception
in APPPATH\Views\errors\cli\error_exception.php on line 6.
 1 APPPATH\Views\errors\cli\error_exception.php(6): CodeIgniter\Debug\Exceptions->errorHandler(2, 'Undefined variable $exception', 'C:\\xampp\\htdocs\\app\\Views\\errors\\cli\\error_exception.php', 6)
 2 APPPATH\Views\errors\cli\production.php(5): include('C:\\xampp\\htdocs\\app\\Views\\errors\\cli\\error_exception.php')
 3 SYSTEMPATH\View\View.php(234): include('C:\\xampp\\htdocs\\app\\Views\\errors\\cli\\production.php')
 4 SYSTEMPATH\View\View.php(237): CodeIgniter\View\View->CodeIgniter\View\{closure}()
 5 SYSTEMPATH\Common.php(1171): CodeIgniter\View\View->render('errors/cli/production', [], true)
 6 APPPATH\Views\component\application.php(33): view('errors/cli/production')
 7 SYSTEMPATH\View\View.php(234): include('C:\\xampp\\htdocs\\app\\Views\\component\\application.php')
 8 SYSTEMPATH\View\View.php(237): CodeIgniter\View\View->CodeIgniter\View\{closure}()
 9 SYSTEMPATH\Common.php(1171): CodeIgniter\View\View->render('component/application', [], true)
10 APPPATH\Controllers\Community.php(39): view('component/application', [...])
11 SYSTEMPATH\CodeIgniter.php(933): App\Controllers\Community->detail('4')
12 SYSTEMPATH\CodeIgniter.php(509): CodeIgniter\CodeIgniter->runController(Object(App\Controllers\Community))
13 SYSTEMPATH\CodeIgniter.php(355): CodeIgniter\CodeIgniter->handleRequest(null, Object(Config\Cache), false)
14 SYSTEMPATH\Boot.php(325): CodeIgniter\CodeIgniter->run()
15 SYSTEMPATH\Boot.php(67): CodeIgniter\Boot::runCodeIgniter(Object(CodeIgniter\CodeIgniter))
16 FCPATH\index.php(56): CodeIgniter\Boot::bootWeb(Object(Config\Paths))
CRITICAL - 2024-11-14 09:04:02 --> ErrorException: Undefined property: stdClass::$id
[Method: GET, Route: community]
in APPPATH\Views\community\index.php on line 22.
 1 APPPATH\Views\community\index.php(22): CodeIgniter\Debug\Exceptions->errorHandler(2, 'Undefined property: stdClass::$id', 'C:\\xampp\\htdocs\\app\\Views\\community\\index.php', 22)
 2 SYSTEMPATH\View\View.php(234): include('C:\\xampp\\htdocs\\app\\Views\\community\\index.php')
 3 SYSTEMPATH\View\View.php(237): CodeIgniter\View\View->CodeIgniter\View\{closure}()
 4 SYSTEMPATH\Common.php(1171): CodeIgniter\View\View->render('community/index', [], true)
 5 APPPATH\Views\component\application.php(33): view('community/index', [...])
 6 SYSTEMPATH\View\View.php(234): include('C:\\xampp\\htdocs\\app\\Views\\component\\application.php')
 7 SYSTEMPATH\View\View.php(237): CodeIgniter\View\View->CodeIgniter\View\{closure}()
 8 SYSTEMPATH\Common.php(1171): CodeIgniter\View\View->render('component/application', [], true)
 9 APPPATH\Controllers\Community.php(17): view('component/application', [...])
10 SYSTEMPATH\CodeIgniter.php(933): App\Controllers\Community->index()
11 SYSTEMPATH\CodeIgniter.php(509): CodeIgniter\CodeIgniter->runController(Object(App\Controllers\Community))
12 SYSTEMPATH\CodeIgniter.php(355): CodeIgniter\CodeIgniter->handleRequest(null, Object(Config\Cache), false)
13 SYSTEMPATH\Boot.php(325): CodeIgniter\CodeIgniter->run()
14 SYSTEMPATH\Boot.php(67): CodeIgniter\Boot::runCodeIgniter(Object(CodeIgniter\CodeIgniter))
15 FCPATH\index.php(56): CodeIgniter\Boot::bootWeb(Object(Config\Paths))
CRITICAL - 2024-11-14 09:06:06 --> ErrorException: Attempt to read property "id" on array
[Method: GET, Route: community]
in APPPATH\Views\community\index.php on line 22.
 1 APPPATH\Views\community\index.php(22): CodeIgniter\Debug\Exceptions->errorHandler(2, 'Attempt to read property "id" on array', 'C:\\xampp\\htdocs\\app\\Views\\community\\index.php', 22)
 2 SYSTEMPATH\View\View.php(234): include('C:\\xampp\\htdocs\\app\\Views\\community\\index.php')
 3 SYSTEMPATH\View\View.php(237): CodeIgniter\View\View->CodeIgniter\View\{closure}()
 4 SYSTEMPATH\Common.php(1171): CodeIgniter\View\View->render('community/index', [], true)
 5 APPPATH\Views\component\application.php(33): view('community/index', [...])
 6 SYSTEMPATH\View\View.php(234): include('C:\\xampp\\htdocs\\app\\Views\\component\\application.php')
 7 SYSTEMPATH\View\View.php(237): CodeIgniter\View\View->CodeIgniter\View\{closure}()
 8 SYSTEMPATH\Common.php(1171): CodeIgniter\View\View->render('component/application', [], true)
 9 APPPATH\Controllers\Community.php(19): view('component/application', [...])
10 SYSTEMPATH\CodeIgniter.php(933): App\Controllers\Community->index()
11 SYSTEMPATH\CodeIgniter.php(509): CodeIgniter\CodeIgniter->runController(Object(App\Controllers\Community))
12 SYSTEMPATH\CodeIgniter.php(355): CodeIgniter\CodeIgniter->handleRequest(null, Object(Config\Cache), false)
13 SYSTEMPATH\Boot.php(325): CodeIgniter\CodeIgniter->run()
14 SYSTEMPATH\Boot.php(67): CodeIgniter\Boot::runCodeIgniter(Object(CodeIgniter\CodeIgniter))
15 FCPATH\index.php(56): CodeIgniter\Boot::bootWeb(Object(Config\Paths))
CRITICAL - 2024-11-14 09:06:33 --> ErrorException: Attempt to read property "title" on array
[Method: GET, Route: community]
in APPPATH\Views\community\index.php on line 22.
 1 APPPATH\Views\community\index.php(22): CodeIgniter\Debug\Exceptions->errorHandler(2, 'Attempt to read property "title" on array', 'C:\\xampp\\htdocs\\app\\Views\\community\\index.php', 22)
 2 SYSTEMPATH\View\View.php(234): include('C:\\xampp\\htdocs\\app\\Views\\community\\index.php')
 3 SYSTEMPATH\View\View.php(237): CodeIgniter\View\View->CodeIgniter\View\{closure}()
 4 SYSTEMPATH\Common.php(1171): CodeIgniter\View\View->render('community/index', [], true)
 5 APPPATH\Views\component\application.php(33): view('community/index', [...])
 6 SYSTEMPATH\View\View.php(234): include('C:\\xampp\\htdocs\\app\\Views\\component\\application.php')
 7 SYSTEMPATH\View\View.php(237): CodeIgniter\View\View->CodeIgniter\View\{closure}()
 8 SYSTEMPATH\Common.php(1171): CodeIgniter\View\View->render('component/application', [], true)
 9 APPPATH\Controllers\Community.php(19): view('component/application', [...])
10 SYSTEMPATH\CodeIgniter.php(933): App\Controllers\Community->index()
11 SYSTEMPATH\CodeIgniter.php(509): CodeIgniter\CodeIgniter->runController(Object(App\Controllers\Community))
12 SYSTEMPATH\CodeIgniter.php(355): CodeIgniter\CodeIgniter->handleRequest(null, Object(Config\Cache), false)
13 SYSTEMPATH\Boot.php(325): CodeIgniter\CodeIgniter->run()
14 SYSTEMPATH\Boot.php(67): CodeIgniter\Boot::runCodeIgniter(Object(CodeIgniter\CodeIgniter))
15 FCPATH\index.php(56): CodeIgniter\Boot::bootWeb(Object(Config\Paths))
CRITICAL - 2024-11-14 09:45:35 --> TypeError: count(): Argument #1 ($value) must be of type Countable|array, null given
[Method: GET, Route: community/6]
in APPPATH\Views\community\index.php on line 2.
 1 SYSTEMPATH\View\View.php(234): include()
 2 SYSTEMPATH\View\View.php(237): CodeIgniter\View\View->CodeIgniter\View\{closure}()
 3 SYSTEMPATH\Common.php(1171): CodeIgniter\View\View->render('community/index', [], true)
 4 APPPATH\Views\component\application.php(33): view('community/index')
 5 SYSTEMPATH\View\View.php(234): include('C:\\xampp\\htdocs\\app\\Views\\component\\application.php')
 6 SYSTEMPATH\View\View.php(237): CodeIgniter\View\View->CodeIgniter\View\{closure}()
 7 SYSTEMPATH\Common.php(1171): CodeIgniter\View\View->render('component/application', [], true)
 8 APPPATH\Controllers\Community.php(19): view('component/application', [...])
 9 SYSTEMPATH\CodeIgniter.php(933): App\Controllers\Community->index('6')
10 SYSTEMPATH\CodeIgniter.php(509): CodeIgniter\CodeIgniter->runController(Object(App\Controllers\Community))
11 SYSTEMPATH\CodeIgniter.php(355): CodeIgniter\CodeIgniter->handleRequest(null, Object(Config\Cache), false)
12 SYSTEMPATH\Boot.php(325): CodeIgniter\CodeIgniter->run()
13 SYSTEMPATH\Boot.php(67): CodeIgniter\Boot::runCodeIgniter(Object(CodeIgniter\CodeIgniter))
14 FCPATH\index.php(56): CodeIgniter\Boot::bootWeb(Object(Config\Paths))
CRITICAL - 2024-11-14 09:45:35 --> [Caused by] ErrorException: Undefined variable $contents
in APPPATH\Views\community\index.php on line 2.
 1 APPPATH\Views\community\index.php(2): CodeIgniter\Debug\Exceptions->errorHandler(2, 'Undefined variable $contents', 'C:\\xampp\\htdocs\\app\\Views\\community\\index.php', 2)
 2 SYSTEMPATH\View\View.php(234): include('C:\\xampp\\htdocs\\app\\Views\\community\\index.php')
 3 SYSTEMPATH\View\View.php(237): CodeIgniter\View\View->CodeIgniter\View\{closure}()
 4 SYSTEMPATH\Common.php(1171): CodeIgniter\View\View->render('community/index', [], true)
 5 APPPATH\Views\component\application.php(33): view('community/index')
 6 SYSTEMPATH\View\View.php(234): include('C:\\xampp\\htdocs\\app\\Views\\component\\application.php')
 7 SYSTEMPATH\View\View.php(237): CodeIgniter\View\View->CodeIgniter\View\{closure}()
 8 SYSTEMPATH\Common.php(1171): CodeIgniter\View\View->render('component/application', [], true)
 9 APPPATH\Controllers\Community.php(19): view('component/application', [...])
10 SYSTEMPATH\CodeIgniter.php(933): App\Controllers\Community->index('6')
11 SYSTEMPATH\CodeIgniter.php(509): CodeIgniter\CodeIgniter->runController(Object(App\Controllers\Community))
12 SYSTEMPATH\CodeIgniter.php(355): CodeIgniter\CodeIgniter->handleRequest(null, Object(Config\Cache), false)
13 SYSTEMPATH\Boot.php(325): CodeIgniter\CodeIgniter->run()
14 SYSTEMPATH\Boot.php(67): CodeIgniter\Boot::runCodeIgniter(Object(CodeIgniter\CodeIgniter))
15 FCPATH\index.php(56): CodeIgniter\Boot::bootWeb(Object(Config\Paths))
CRITICAL - 2024-11-14 09:53:18 --> ErrorException: Undefined variable $data
[Method: GET, Route: community/1]
in APPPATH\Views\community\index.php on line 2.
 1 APPPATH\Views\community\index.php(2): CodeIgniter\Debug\Exceptions->errorHandler(2, 'Undefined variable $data', 'C:\\xampp\\htdocs\\app\\Views\\community\\index.php', 2)
 2 SYSTEMPATH\View\View.php(234): include('C:\\xampp\\htdocs\\app\\Views\\community\\index.php')
 3 SYSTEMPATH\View\View.php(237): CodeIgniter\View\View->CodeIgniter\View\{closure}()
 4 SYSTEMPATH\Common.php(1171): CodeIgniter\View\View->render('community/index', [], true)
 5 APPPATH\Views\component\application.php(33): view('community/index', [...])
 6 SYSTEMPATH\View\View.php(234): include('C:\\xampp\\htdocs\\app\\Views\\component\\application.php')
 7 SYSTEMPATH\View\View.php(237): CodeIgniter\View\View->CodeIgniter\View\{closure}()
 8 SYSTEMPATH\Common.php(1171): CodeIgniter\View\View->render('component/application', [], true)
 9 APPPATH\Controllers\Community.php(20): view('component/application', [...])
10 SYSTEMPATH\CodeIgniter.php(933): App\Controllers\Community->index('1')
11 SYSTEMPATH\CodeIgniter.php(509): CodeIgniter\CodeIgniter->runController(Object(App\Controllers\Community))
12 SYSTEMPATH\CodeIgniter.php(355): CodeIgniter\CodeIgniter->handleRequest(null, Object(Config\Cache), false)
13 SYSTEMPATH\Boot.php(325): CodeIgniter\CodeIgniter->run()
14 SYSTEMPATH\Boot.php(67): CodeIgniter\Boot::runCodeIgniter(Object(CodeIgniter\CodeIgniter))
15 FCPATH\index.php(56): CodeIgniter\Boot::bootWeb(Object(Config\Paths))
CRITICAL - 2024-11-14 09:53:49 --> ErrorException: Undefined variable $content
[Method: GET, Route: community/1]
in APPPATH\Views\community\index.php on line 27.
 1 APPPATH\Views\community\index.php(27): CodeIgniter\Debug\Exceptions->errorHandler(2, 'Undefined variable $content', 'C:\\xampp\\htdocs\\app\\Views\\community\\index.php', 27)
 2 SYSTEMPATH\View\View.php(234): include('C:\\xampp\\htdocs\\app\\Views\\community\\index.php')
 3 SYSTEMPATH\View\View.php(237): CodeIgniter\View\View->CodeIgniter\View\{closure}()
 4 SYSTEMPATH\Common.php(1171): CodeIgniter\View\View->render('community/index', [], true)
 5 APPPATH\Views\component\application.php(33): view('community/index', [...])
 6 SYSTEMPATH\View\View.php(234): include('C:\\xampp\\htdocs\\app\\Views\\component\\application.php')
 7 SYSTEMPATH\View\View.php(237): CodeIgniter\View\View->CodeIgniter\View\{closure}()
 8 SYSTEMPATH\Common.php(1171): CodeIgniter\View\View->render('component/application', [], true)
 9 APPPATH\Controllers\Community.php(20): view('component/application', [...])
10 SYSTEMPATH\CodeIgniter.php(933): App\Controllers\Community->index('1')
11 SYSTEMPATH\CodeIgniter.php(509): CodeIgniter\CodeIgniter->runController(Object(App\Controllers\Community))
12 SYSTEMPATH\CodeIgniter.php(355): CodeIgniter\CodeIgniter->handleRequest(null, Object(Config\Cache), false)
13 SYSTEMPATH\Boot.php(325): CodeIgniter\CodeIgniter->run()
14 SYSTEMPATH\Boot.php(67): CodeIgniter\Boot::runCodeIgniter(Object(CodeIgniter\CodeIgniter))
15 FCPATH\index.php(56): CodeIgniter\Boot::bootWeb(Object(Config\Paths))
ERROR - 2024-11-14 10:22:57 --> mysqli_sql_exception: You have an error in your SQL syntax; check the manual that corresponds to your MariaDB server version for the right syntax to use near '-5, 5' at line 4 in C:\xampp\htdocs\system\Database\MySQLi\Connection.php:312
Stack trace:
#0 C:\xampp\htdocs\system\Database\MySQLi\Connection.php(312): mysqli->query('SELECT *\nFROM `...', 0)
#1 C:\xampp\htdocs\system\Database\BaseConnection.php(734): CodeIgniter\Database\MySQLi\Connection->execute('SELECT *\nFROM `...')
#2 C:\xampp\htdocs\system\Database\BaseConnection.php(648): CodeIgniter\Database\BaseConnection->simpleQuery('SELECT *\nFROM `...')
#3 C:\xampp\htdocs\system\Database\BaseBuilder.php(1644): CodeIgniter\Database\BaseConnection->query('SELECT *\nFROM `...', Array, false)
#4 C:\xampp\htdocs\system\Model.php(286): CodeIgniter\Database\BaseBuilder->get()
#5 C:\xampp\htdocs\system\BaseModel.php(676): CodeIgniter\Model->doFindAll(5, -5)
#6 C:\xampp\htdocs\app\Controllers\Api.php(12): CodeIgniter\BaseModel->findAll(5, -5)
#7 C:\xampp\htdocs\app\Controllers\Community.php(12): App\Controllers\Api->getAll('0')
#8 C:\xampp\htdocs\system\CodeIgniter.php(933): App\Controllers\Community->index('0')
#9 C:\xampp\htdocs\system\CodeIgniter.php(509): CodeIgniter\CodeIgniter->runController(Object(App\Controllers\Community))
#10 C:\xampp\htdocs\system\CodeIgniter.php(355): CodeIgniter\CodeIgniter->handleRequest(NULL, Object(Config\Cache), false)
#11 C:\xampp\htdocs\system\Boot.php(325): CodeIgniter\CodeIgniter->run()
#12 C:\xampp\htdocs\system\Boot.php(67): CodeIgniter\Boot::runCodeIgniter(Object(CodeIgniter\CodeIgniter))
#13 C:\xampp\htdocs\public\index.php(56): CodeIgniter\Boot::bootWeb(Object(Config\Paths))
#14 {main}
CRITICAL - 2024-11-14 10:22:57 --> CodeIgniter\Database\Exceptions\DatabaseException: You have an error in your SQL syntax; check the manual that corresponds to your MariaDB server version for the right syntax to use near '-5, 5' at line 4
[Method: GET, Route: community/0]
in SYSTEMPATH\Database\BaseConnection.php on line 688.
 1 SYSTEMPATH\Database\BaseBuilder.php(1644): CodeIgniter\Database\BaseConnection->query('SELECT *
FROM `community`
ORDER BY `id` DESC
 LIMIT -5, 5', [], false)
 2 SYSTEMPATH\Model.php(286): CodeIgniter\Database\BaseBuilder->get()
 3 SYSTEMPATH\BaseModel.php(676): CodeIgniter\Model->doFindAll(5, -5)
 4 APPPATH\Controllers\Api.php(12): CodeIgniter\BaseModel->findAll(5, -5)
 5 APPPATH\Controllers\Community.php(12): App\Controllers\Api->getAll('0')
 6 SYSTEMPATH\CodeIgniter.php(933): App\Controllers\Community->index('0')
 7 SYSTEMPATH\CodeIgniter.php(509): CodeIgniter\CodeIgniter->runController(Object(App\Controllers\Community))
 8 SYSTEMPATH\CodeIgniter.php(355): CodeIgniter\CodeIgniter->handleRequest(null, Object(Config\Cache), false)
 9 SYSTEMPATH\Boot.php(325): CodeIgniter\CodeIgniter->run()
10 SYSTEMPATH\Boot.php(67): CodeIgniter\Boot::runCodeIgniter(Object(CodeIgniter\CodeIgniter))
11 FCPATH\index.php(56): CodeIgniter\Boot::bootWeb(Object(Config\Paths))
CRITICAL - 2024-11-14 10:22:57 --> [Caused by] CodeIgniter\Database\Exceptions\DatabaseException: You have an error in your SQL syntax; check the manual that corresponds to your MariaDB server version for the right syntax to use near '-5, 5' at line 4
in SYSTEMPATH\Database\MySQLi\Connection.php on line 317.
 1 SYSTEMPATH\Database\BaseConnection.php(734): CodeIgniter\Database\MySQLi\Connection->execute('SELECT *
FROM `community`
ORDER BY `id` DESC
 LIMIT -5, 5')
 2 SYSTEMPATH\Database\BaseConnection.php(648): CodeIgniter\Database\BaseConnection->simpleQuery('SELECT *
FROM `community`
ORDER BY `id` DESC
 LIMIT -5, 5')
 3 SYSTEMPATH\Database\BaseBuilder.php(1644): CodeIgniter\Database\BaseConnection->query('SELECT *
FROM `community`
ORDER BY `id` DESC
 LIMIT -5, 5', [], false)
 4 SYSTEMPATH\Model.php(286): CodeIgniter\Database\BaseBuilder->get()
 5 SYSTEMPATH\BaseModel.php(676): CodeIgniter\Model->doFindAll(5, -5)
 6 APPPATH\Controllers\Api.php(12): CodeIgniter\BaseModel->findAll(5, -5)
 7 APPPATH\Controllers\Community.php(12): App\Controllers\Api->getAll('0')
 8 SYSTEMPATH\CodeIgniter.php(933): App\Controllers\Community->index('0')
 9 SYSTEMPATH\CodeIgniter.php(509): CodeIgniter\CodeIgniter->runController(Object(App\Controllers\Community))
10 SYSTEMPATH\CodeIgniter.php(355): CodeIgniter\CodeIgniter->handleRequest(null, Object(Config\Cache), false)
11 SYSTEMPATH\Boot.php(325): CodeIgniter\CodeIgniter->run()
12 SYSTEMPATH\Boot.php(67): CodeIgniter\Boot::runCodeIgniter(Object(CodeIgniter\CodeIgniter))
13 FCPATH\index.php(56): CodeIgniter\Boot::bootWeb(Object(Config\Paths))
CRITICAL - 2024-11-14 10:22:57 --> [Caused by] mysqli_sql_exception: You have an error in your SQL syntax; check the manual that corresponds to your MariaDB server version for the right syntax to use near '-5, 5' at line 4
in SYSTEMPATH\Database\MySQLi\Connection.php on line 312.
 1 SYSTEMPATH\Database\MySQLi\Connection.php(312): mysqli->query('SELECT *
FROM `community`
ORDER BY `id` DESC
 LIMIT -5, 5', 0)
 2 SYSTEMPATH\Database\BaseConnection.php(734): CodeIgniter\Database\MySQLi\Connection->execute('SELECT *
FROM `community`
ORDER BY `id` DESC
 LIMIT -5, 5')
 3 SYSTEMPATH\Database\BaseConnection.php(648): CodeIgniter\Database\BaseConnection->simpleQuery('SELECT *
FROM `community`
ORDER BY `id` DESC
 LIMIT -5, 5')
 4 SYSTEMPATH\Database\BaseBuilder.php(1644): CodeIgniter\Database\BaseConnection->query('SELECT *
FROM `community`
ORDER BY `id` DESC
 LIMIT -5, 5', [], false)
 5 SYSTEMPATH\Model.php(286): CodeIgniter\Database\BaseBuilder->get()
 6 SYSTEMPATH\BaseModel.php(676): CodeIgniter\Model->doFindAll(5, -5)
 7 APPPATH\Controllers\Api.php(12): CodeIgniter\BaseModel->findAll(5, -5)
 8 APPPATH\Controllers\Community.php(12): App\Controllers\Api->getAll('0')
 9 SYSTEMPATH\CodeIgniter.php(933): App\Controllers\Community->index('0')
10 SYSTEMPATH\CodeIgniter.php(509): CodeIgniter\CodeIgniter->runController(Object(App\Controllers\Community))
11 SYSTEMPATH\CodeIgniter.php(355): CodeIgniter\CodeIgniter->handleRequest(null, Object(Config\Cache), false)
12 SYSTEMPATH\Boot.php(325): CodeIgniter\CodeIgniter->run()
13 SYSTEMPATH\Boot.php(67): CodeIgniter\Boot::runCodeIgniter(Object(CodeIgniter\CodeIgniter))
14 FCPATH\index.php(56): CodeIgniter\Boot::bootWeb(Object(Config\Paths))
ERROR - 2024-11-14 10:23:17 --> mysqli_sql_exception: You have an error in your SQL syntax; check the manual that corresponds to your MariaDB server version for the right syntax to use near '-5, 5' at line 4 in C:\xampp\htdocs\system\Database\MySQLi\Connection.php:312
Stack trace:
#0 C:\xampp\htdocs\system\Database\MySQLi\Connection.php(312): mysqli->query('SELECT *\nFROM `...', 0)
#1 C:\xampp\htdocs\system\Database\BaseConnection.php(734): CodeIgniter\Database\MySQLi\Connection->execute('SELECT *\nFROM `...')
#2 C:\xampp\htdocs\system\Database\BaseConnection.php(648): CodeIgniter\Database\BaseConnection->simpleQuery('SELECT *\nFROM `...')
#3 C:\xampp\htdocs\system\Database\BaseBuilder.php(1644): CodeIgniter\Database\BaseConnection->query('SELECT *\nFROM `...', Array, false)
#4 C:\xampp\htdocs\system\Model.php(286): CodeIgniter\Database\BaseBuilder->get()
#5 C:\xampp\htdocs\system\BaseModel.php(676): CodeIgniter\Model->doFindAll(5, -5)
#6 C:\xampp\htdocs\app\Controllers\Api.php(12): CodeIgniter\BaseModel->findAll(5, -5)
#7 C:\xampp\htdocs\app\Controllers\Community.php(12): App\Controllers\Api->getAll('0')
#8 C:\xampp\htdocs\system\CodeIgniter.php(933): App\Controllers\Community->index('0')
#9 C:\xampp\htdocs\system\CodeIgniter.php(509): CodeIgniter\CodeIgniter->runController(Object(App\Controllers\Community))
#10 C:\xampp\htdocs\system\CodeIgniter.php(355): CodeIgniter\CodeIgniter->handleRequest(NULL, Object(Config\Cache), false)
#11 C:\xampp\htdocs\system\Boot.php(325): CodeIgniter\CodeIgniter->run()
#12 C:\xampp\htdocs\system\Boot.php(67): CodeIgniter\Boot::runCodeIgniter(Object(CodeIgniter\CodeIgniter))
#13 C:\xampp\htdocs\public\index.php(56): CodeIgniter\Boot::bootWeb(Object(Config\Paths))
#14 {main}
CRITICAL - 2024-11-14 10:23:17 --> CodeIgniter\Database\Exceptions\DatabaseException: You have an error in your SQL syntax; check the manual that corresponds to your MariaDB server version for the right syntax to use near '-5, 5' at line 4
[Method: GET, Route: community/0]
in SYSTEMPATH\Database\BaseConnection.php on line 688.
 1 SYSTEMPATH\Database\BaseBuilder.php(1644): CodeIgniter\Database\BaseConnection->query('SELECT *
FROM `community`
ORDER BY `id` DESC
 LIMIT -5, 5', [], false)
 2 SYSTEMPATH\Model.php(286): CodeIgniter\Database\BaseBuilder->get()
 3 SYSTEMPATH\BaseModel.php(676): CodeIgniter\Model->doFindAll(5, -5)
 4 APPPATH\Controllers\Api.php(12): CodeIgniter\BaseModel->findAll(5, -5)
 5 APPPATH\Controllers\Community.php(12): App\Controllers\Api->getAll('0')
 6 SYSTEMPATH\CodeIgniter.php(933): App\Controllers\Community->index('0')
 7 SYSTEMPATH\CodeIgniter.php(509): CodeIgniter\CodeIgniter->runController(Object(App\Controllers\Community))
 8 SYSTEMPATH\CodeIgniter.php(355): CodeIgniter\CodeIgniter->handleRequest(null, Object(Config\Cache), false)
 9 SYSTEMPATH\Boot.php(325): CodeIgniter\CodeIgniter->run()
10 SYSTEMPATH\Boot.php(67): CodeIgniter\Boot::runCodeIgniter(Object(CodeIgniter\CodeIgniter))
11 FCPATH\index.php(56): CodeIgniter\Boot::bootWeb(Object(Config\Paths))
CRITICAL - 2024-11-14 10:23:17 --> [Caused by] CodeIgniter\Database\Exceptions\DatabaseException: You have an error in your SQL syntax; check the manual that corresponds to your MariaDB server version for the right syntax to use near '-5, 5' at line 4
in SYSTEMPATH\Database\MySQLi\Connection.php on line 317.
 1 SYSTEMPATH\Database\BaseConnection.php(734): CodeIgniter\Database\MySQLi\Connection->execute('SELECT *
FROM `community`
ORDER BY `id` DESC
 LIMIT -5, 5')
 2 SYSTEMPATH\Database\BaseConnection.php(648): CodeIgniter\Database\BaseConnection->simpleQuery('SELECT *
FROM `community`
ORDER BY `id` DESC
 LIMIT -5, 5')
 3 SYSTEMPATH\Database\BaseBuilder.php(1644): CodeIgniter\Database\BaseConnection->query('SELECT *
FROM `community`
ORDER BY `id` DESC
 LIMIT -5, 5', [], false)
 4 SYSTEMPATH\Model.php(286): CodeIgniter\Database\BaseBuilder->get()
 5 SYSTEMPATH\BaseModel.php(676): CodeIgniter\Model->doFindAll(5, -5)
 6 APPPATH\Controllers\Api.php(12): CodeIgniter\BaseModel->findAll(5, -5)
 7 APPPATH\Controllers\Community.php(12): App\Controllers\Api->getAll('0')
 8 SYSTEMPATH\CodeIgniter.php(933): App\Controllers\Community->index('0')
 9 SYSTEMPATH\CodeIgniter.php(509): CodeIgniter\CodeIgniter->runController(Object(App\Controllers\Community))
10 SYSTEMPATH\CodeIgniter.php(355): CodeIgniter\CodeIgniter->handleRequest(null, Object(Config\Cache), false)
11 SYSTEMPATH\Boot.php(325): CodeIgniter\CodeIgniter->run()
12 SYSTEMPATH\Boot.php(67): CodeIgniter\Boot::runCodeIgniter(Object(CodeIgniter\CodeIgniter))
13 FCPATH\index.php(56): CodeIgniter\Boot::bootWeb(Object(Config\Paths))
CRITICAL - 2024-11-14 10:23:17 --> [Caused by] mysqli_sql_exception: You have an error in your SQL syntax; check the manual that corresponds to your MariaDB server version for the right syntax to use near '-5, 5' at line 4
in SYSTEMPATH\Database\MySQLi\Connection.php on line 312.
 1 SYSTEMPATH\Database\MySQLi\Connection.php(312): mysqli->query('SELECT *
FROM `community`
ORDER BY `id` DESC
 LIMIT -5, 5', 0)
 2 SYSTEMPATH\Database\BaseConnection.php(734): CodeIgniter\Database\MySQLi\Connection->execute('SELECT *
FROM `community`
ORDER BY `id` DESC
 LIMIT -5, 5')
 3 SYSTEMPATH\Database\BaseConnection.php(648): CodeIgniter\Database\BaseConnection->simpleQuery('SELECT *
FROM `community`
ORDER BY `id` DESC
 LIMIT -5, 5')
 4 SYSTEMPATH\Database\BaseBuilder.php(1644): CodeIgniter\Database\BaseConnection->query('SELECT *
FROM `community`
ORDER BY `id` DESC
 LIMIT -5, 5', [], false)
 5 SYSTEMPATH\Model.php(286): CodeIgniter\Database\BaseBuilder->get()
 6 SYSTEMPATH\BaseModel.php(676): CodeIgniter\Model->doFindAll(5, -5)
 7 APPPATH\Controllers\Api.php(12): CodeIgniter\BaseModel->findAll(5, -5)
 8 APPPATH\Controllers\Community.php(12): App\Controllers\Api->getAll('0')
 9 SYSTEMPATH\CodeIgniter.php(933): App\Controllers\Community->index('0')
10 SYSTEMPATH\CodeIgniter.php(509): CodeIgniter\CodeIgniter->runController(Object(App\Controllers\Community))
11 SYSTEMPATH\CodeIgniter.php(355): CodeIgniter\CodeIgniter->handleRequest(null, Object(Config\Cache), false)
12 SYSTEMPATH\Boot.php(325): CodeIgniter\CodeIgniter->run()
13 SYSTEMPATH\Boot.php(67): CodeIgniter\Boot::runCodeIgniter(Object(CodeIgniter\CodeIgniter))
14 FCPATH\index.php(56): CodeIgniter\Boot::bootWeb(Object(Config\Paths))
CRITICAL - 2024-11-14 10:24:15 --> ErrorException: Undefined variable $contents
[Method: GET, Route: community/3]
in APPPATH\Views\community\index.php on line 2.
 1 APPPATH\Views\community\index.php(2): CodeIgniter\Debug\Exceptions->errorHandler(2, 'Undefined variable $contents', 'C:\\xampp\\htdocs\\app\\Views\\community\\index.php', 2)
 2 SYSTEMPATH\View\View.php(234): include('C:\\xampp\\htdocs\\app\\Views\\community\\index.php')
 3 SYSTEMPATH\View\View.php(237): CodeIgniter\View\View->CodeIgniter\View\{closure}()
 4 SYSTEMPATH\Common.php(1171): CodeIgniter\View\View->render('community/index', [], true)
 5 APPPATH\Views\component\application.php(33): view('community/index')
 6 SYSTEMPATH\View\View.php(234): include('C:\\xampp\\htdocs\\app\\Views\\component\\application.php')
 7 SYSTEMPATH\View\View.php(237): CodeIgniter\View\View->CodeIgniter\View\{closure}()
 8 SYSTEMPATH\Common.php(1171): CodeIgniter\View\View->render('component/application', [], true)
 9 APPPATH\Controllers\Community.php(21): view('component/application', [...])
10 SYSTEMPATH\CodeIgniter.php(933): App\Controllers\Community->index('3')
11 SYSTEMPATH\CodeIgniter.php(509): CodeIgniter\CodeIgniter->runController(Object(App\Controllers\Community))
12 SYSTEMPATH\CodeIgniter.php(355): CodeIgniter\CodeIgniter->handleRequest(null, Object(Config\Cache), false)
13 SYSTEMPATH\Boot.php(325): CodeIgniter\CodeIgniter->run()
14 SYSTEMPATH\Boot.php(67): CodeIgniter\Boot::runCodeIgniter(Object(CodeIgniter\CodeIgniter))
15 FCPATH\index.php(56): CodeIgniter\Boot::bootWeb(Object(Config\Paths))
CRITICAL - 2024-11-14 10:26:24 --> ParseError: syntax error, unexpected variable "$pageStartIndex"
[Method: GET, Route: community/1]
in APPPATH\Views\community\index.php on line 5.
 1 SYSTEMPATH\View\View.php(237): CodeIgniter\View\View->CodeIgniter\View\{closure}()
 2 SYSTEMPATH\Common.php(1171): CodeIgniter\View\View->render('community/index', [], true)
 3 APPPATH\Views\component\application.php(33): view('community/index', [...])
 4 SYSTEMPATH\View\View.php(234): include('C:\\xampp\\htdocs\\app\\Views\\component\\application.php')
 5 SYSTEMPATH\View\View.php(237): CodeIgniter\View\View->CodeIgniter\View\{closure}()
 6 SYSTEMPATH\Common.php(1171): CodeIgniter\View\View->render('component/application', [], true)
 7 APPPATH\Controllers\Community.php(21): view('component/application', [...])
 8 SYSTEMPATH\CodeIgniter.php(933): App\Controllers\Community->index('1')
 9 SYSTEMPATH\CodeIgniter.php(509): CodeIgniter\CodeIgniter->runController(Object(App\Controllers\Community))
10 SYSTEMPATH\CodeIgniter.php(355): CodeIgniter\CodeIgniter->handleRequest(null, Object(Config\Cache), false)
11 SYSTEMPATH\Boot.php(325): CodeIgniter\CodeIgniter->run()
12 SYSTEMPATH\Boot.php(67): CodeIgniter\Boot::runCodeIgniter(Object(CodeIgniter\CodeIgniter))
13 FCPATH\index.php(56): CodeIgniter\Boot::bootWeb(Object(Config\Paths))
CRITICAL - 2024-11-14 10:26:40 --> ErrorException: Undefined variable $contents
[Method: GET, Route: community/3]
in APPPATH\Views\community\index.php on line 2.
 1 APPPATH\Views\community\index.php(2): CodeIgniter\Debug\Exceptions->errorHandler(2, 'Undefined variable $contents', 'C:\\xampp\\htdocs\\app\\Views\\community\\index.php', 2)
 2 SYSTEMPATH\View\View.php(234): include('C:\\xampp\\htdocs\\app\\Views\\community\\index.php')
 3 SYSTEMPATH\View\View.php(237): CodeIgniter\View\View->CodeIgniter\View\{closure}()
 4 SYSTEMPATH\Common.php(1171): CodeIgniter\View\View->render('community/index', [], true)
 5 APPPATH\Views\component\application.php(33): view('community/index')
 6 SYSTEMPATH\View\View.php(234): include('C:\\xampp\\htdocs\\app\\Views\\component\\application.php')
 7 SYSTEMPATH\View\View.php(237): CodeIgniter\View\View->CodeIgniter\View\{closure}()
 8 SYSTEMPATH\Common.php(1171): CodeIgniter\View\View->render('component/application', [], true)
 9 APPPATH\Controllers\Community.php(21): view('component/application', [...])
10 SYSTEMPATH\CodeIgniter.php(933): App\Controllers\Community->index('3')
11 SYSTEMPATH\CodeIgniter.php(509): CodeIgniter\CodeIgniter->runController(Object(App\Controllers\Community))
12 SYSTEMPATH\CodeIgniter.php(355): CodeIgniter\CodeIgniter->handleRequest(null, Object(Config\Cache), false)
13 SYSTEMPATH\Boot.php(325): CodeIgniter\CodeIgniter->run()
14 SYSTEMPATH\Boot.php(67): CodeIgniter\Boot::runCodeIgniter(Object(CodeIgniter\CodeIgniter))
15 FCPATH\index.php(56): CodeIgniter\Boot::bootWeb(Object(Config\Paths))
CRITICAL - 2024-11-14 10:50:55 --> ErrorException: Undefined array key "title"
[Method: GET, Route: community/edit/1]
in APPPATH\Controllers\Community.php on line 50.
 1 APPPATH\Controllers\Community.php(50): CodeIgniter\Debug\Exceptions->errorHandler(2, 'Undefined array key "title"', 'C:\\xampp\\htdocs\\app\\Controllers\\Community.php', 50)
 2 SYSTEMPATH\CodeIgniter.php(933): App\Controllers\Community->edit('1')
 3 SYSTEMPATH\CodeIgniter.php(509): CodeIgniter\CodeIgniter->runController(Object(App\Controllers\Community))
 4 SYSTEMPATH\CodeIgniter.php(355): CodeIgniter\CodeIgniter->handleRequest(null, Object(Config\Cache), false)
 5 SYSTEMPATH\Boot.php(325): CodeIgniter\CodeIgniter->run()
 6 SYSTEMPATH\Boot.php(67): CodeIgniter\Boot::runCodeIgniter(Object(CodeIgniter\CodeIgniter))
 7 FCPATH\index.php(56): CodeIgniter\Boot::bootWeb(Object(Config\Paths))
CRITICAL - 2024-11-14 12:48:45 --> ErrorException: Undefined variable $post
[Method: GET, Route: community/new]
in APPPATH\Views\community\editor.php on line 64.
 1 APPPATH\Views\community\editor.php(64): CodeIgniter\Debug\Exceptions->errorHandler(2, 'Undefined variable $post', 'C:\\xampp\\htdocs\\app\\Views\\community\\editor.php', 64)
 2 SYSTEMPATH\View\View.php(234): include('C:\\xampp\\htdocs\\app\\Views\\community\\editor.php')
 3 SYSTEMPATH\View\View.php(237): CodeIgniter\View\View->CodeIgniter\View\{closure}()
 4 SYSTEMPATH\Common.php(1171): CodeIgniter\View\View->render('community/editor', [], true)
 5 APPPATH\Views\component\application.php(33): view('community/editor')
 6 SYSTEMPATH\View\View.php(234): include('C:\\xampp\\htdocs\\app\\Views\\component\\application.php')
 7 SYSTEMPATH\View\View.php(237): CodeIgniter\View\View->CodeIgniter\View\{closure}()
 8 SYSTEMPATH\Common.php(1171): CodeIgniter\View\View->render('component/application', [], true)
 9 APPPATH\Controllers\Community.php(27): view('component/application', [...])
10 SYSTEMPATH\CodeIgniter.php(933): App\Controllers\Community->new()
11 SYSTEMPATH\CodeIgniter.php(509): CodeIgniter\CodeIgniter->runController(Object(App\Controllers\Community))
12 SYSTEMPATH\CodeIgniter.php(355): CodeIgniter\CodeIgniter->handleRequest(null, Object(Config\Cache), false)
13 SYSTEMPATH\Boot.php(325): CodeIgniter\CodeIgniter->run()
14 SYSTEMPATH\Boot.php(67): CodeIgniter\Boot::runCodeIgniter(Object(CodeIgniter\CodeIgniter))
15 FCPATH\index.php(56): CodeIgniter\Boot::bootWeb(Object(Config\Paths))
CRITICAL - 2024-11-14 12:49:14 --> ErrorException: Undefined variable $post
[Method: GET, Route: community/new]
in APPPATH\Views\community\editor.php on line 56.
 1 APPPATH\Views\community\editor.php(56): CodeIgniter\Debug\Exceptions->errorHandler(2, 'Undefined variable $post', 'C:\\xampp\\htdocs\\app\\Views\\community\\editor.php', 56)
 2 SYSTEMPATH\View\View.php(234): include('C:\\xampp\\htdocs\\app\\Views\\community\\editor.php')
 3 SYSTEMPATH\View\View.php(237): CodeIgniter\View\View->CodeIgniter\View\{closure}()
 4 SYSTEMPATH\Common.php(1171): CodeIgniter\View\View->render('community/editor', [], true)
 5 APPPATH\Views\component\application.php(33): view('community/editor')
 6 SYSTEMPATH\View\View.php(234): include('C:\\xampp\\htdocs\\app\\Views\\component\\application.php')
 7 SYSTEMPATH\View\View.php(237): CodeIgniter\View\View->CodeIgniter\View\{closure}()
 8 SYSTEMPATH\Common.php(1171): CodeIgniter\View\View->render('component/application', [], true)
 9 APPPATH\Controllers\Community.php(27): view('component/application', [...])
10 SYSTEMPATH\CodeIgniter.php(933): App\Controllers\Community->new()
11 SYSTEMPATH\CodeIgniter.php(509): CodeIgniter\CodeIgniter->runController(Object(App\Controllers\Community))
12 SYSTEMPATH\CodeIgniter.php(355): CodeIgniter\CodeIgniter->handleRequest(null, Object(Config\Cache), false)
13 SYSTEMPATH\Boot.php(325): CodeIgniter\CodeIgniter->run()
14 SYSTEMPATH\Boot.php(67): CodeIgniter\Boot::runCodeIgniter(Object(CodeIgniter\CodeIgniter))
15 FCPATH\index.php(56): CodeIgniter\Boot::bootWeb(Object(Config\Paths))
CRITICAL - 2024-11-14 12:49:28 --> ErrorException: Undefined variable $post
[Method: GET, Route: community/new]
in APPPATH\Views\community\editor.php on line 56.
 1 APPPATH\Views\community\editor.php(56): CodeIgniter\Debug\Exceptions->errorHandler(2, 'Undefined variable $post', 'C:\\xampp\\htdocs\\app\\Views\\community\\editor.php', 56)
 2 SYSTEMPATH\View\View.php(234): include('C:\\xampp\\htdocs\\app\\Views\\community\\editor.php')
 3 SYSTEMPATH\View\View.php(237): CodeIgniter\View\View->CodeIgniter\View\{closure}()
 4 SYSTEMPATH\Common.php(1171): CodeIgniter\View\View->render('community/editor', [], true)
 5 APPPATH\Views\component\application.php(33): view('community/editor')
 6 SYSTEMPATH\View\View.php(234): include('C:\\xampp\\htdocs\\app\\Views\\component\\application.php')
 7 SYSTEMPATH\View\View.php(237): CodeIgniter\View\View->CodeIgniter\View\{closure}()
 8 SYSTEMPATH\Common.php(1171): CodeIgniter\View\View->render('component/application', [], true)
 9 APPPATH\Controllers\Community.php(27): view('component/application', [...])
10 SYSTEMPATH\CodeIgniter.php(933): App\Controllers\Community->new()
11 SYSTEMPATH\CodeIgniter.php(509): CodeIgniter\CodeIgniter->runController(Object(App\Controllers\Community))
12 SYSTEMPATH\CodeIgniter.php(355): CodeIgniter\CodeIgniter->handleRequest(null, Object(Config\Cache), false)
13 SYSTEMPATH\Boot.php(325): CodeIgniter\CodeIgniter->run()
14 SYSTEMPATH\Boot.php(67): CodeIgniter\Boot::runCodeIgniter(Object(CodeIgniter\CodeIgniter))
15 FCPATH\index.php(56): CodeIgniter\Boot::bootWeb(Object(Config\Paths))
CRITICAL - 2024-11-14 12:49:55 --> ErrorException: Undefined variable $post
[Method: GET, Route: community/new]
in APPPATH\Views\community\editor.php on line 56.
 1 APPPATH\Views\community\editor.php(56): CodeIgniter\Debug\Exceptions->errorHandler(2, 'Undefined variable $post', 'C:\\xampp\\htdocs\\app\\Views\\community\\editor.php', 56)
 2 SYSTEMPATH\View\View.php(234): include('C:\\xampp\\htdocs\\app\\Views\\community\\editor.php')
 3 SYSTEMPATH\View\View.php(237): CodeIgniter\View\View->CodeIgniter\View\{closure}()
 4 SYSTEMPATH\Common.php(1171): CodeIgniter\View\View->render('community/editor', [], true)
 5 APPPATH\Views\component\application.php(33): view('community/editor')
 6 SYSTEMPATH\View\View.php(234): include('C:\\xampp\\htdocs\\app\\Views\\component\\application.php')
 7 SYSTEMPATH\View\View.php(237): CodeIgniter\View\View->CodeIgniter\View\{closure}()
 8 SYSTEMPATH\Common.php(1171): CodeIgniter\View\View->render('component/application', [], true)
 9 APPPATH\Controllers\Community.php(27): view('component/application', [...])
10 SYSTEMPATH\CodeIgniter.php(933): App\Controllers\Community->new()
11 SYSTEMPATH\CodeIgniter.php(509): CodeIgniter\CodeIgniter->runController(Object(App\Controllers\Community))
12 SYSTEMPATH\CodeIgniter.php(355): CodeIgniter\CodeIgniter->handleRequest(null, Object(Config\Cache), false)
13 SYSTEMPATH\Boot.php(325): CodeIgniter\CodeIgniter->run()
14 SYSTEMPATH\Boot.php(67): CodeIgniter\Boot::runCodeIgniter(Object(CodeIgniter\CodeIgniter))
15 FCPATH\index.php(56): CodeIgniter\Boot::bootWeb(Object(Config\Paths))
CRITICAL - 2024-11-14 12:49:55 --> ErrorException: Undefined variable $post
[Method: GET, Route: community/new]
in APPPATH\Views\community\editor.php on line 56.
 1 APPPATH\Views\community\editor.php(56): CodeIgniter\Debug\Exceptions->errorHandler(2, 'Undefined variable $post', 'C:\\xampp\\htdocs\\app\\Views\\community\\editor.php', 56)
 2 SYSTEMPATH\View\View.php(234): include('C:\\xampp\\htdocs\\app\\Views\\community\\editor.php')
 3 SYSTEMPATH\View\View.php(237): CodeIgniter\View\View->CodeIgniter\View\{closure}()
 4 SYSTEMPATH\Common.php(1171): CodeIgniter\View\View->render('community/editor', [], true)
 5 APPPATH\Views\component\application.php(33): view('community/editor')
 6 SYSTEMPATH\View\View.php(234): include('C:\\xampp\\htdocs\\app\\Views\\component\\application.php')
 7 SYSTEMPATH\View\View.php(237): CodeIgniter\View\View->CodeIgniter\View\{closure}()
 8 SYSTEMPATH\Common.php(1171): CodeIgniter\View\View->render('component/application', [], true)
 9 APPPATH\Controllers\Community.php(27): view('component/application', [...])
10 SYSTEMPATH\CodeIgniter.php(933): App\Controllers\Community->new()
11 SYSTEMPATH\CodeIgniter.php(509): CodeIgniter\CodeIgniter->runController(Object(App\Controllers\Community))
12 SYSTEMPATH\CodeIgniter.php(355): CodeIgniter\CodeIgniter->handleRequest(null, Object(Config\Cache), false)
13 SYSTEMPATH\Boot.php(325): CodeIgniter\CodeIgniter->run()
14 SYSTEMPATH\Boot.php(67): CodeIgniter\Boot::runCodeIgniter(Object(CodeIgniter\CodeIgniter))
15 FCPATH\index.php(56): CodeIgniter\Boot::bootWeb(Object(Config\Paths))
CRITICAL - 2024-11-14 12:50:13 --> ErrorException: Undefined variable $post
[Method: GET, Route: community/new]
in APPPATH\Views\community\editor.php on line 56.
 1 APPPATH\Views\community\editor.php(56): CodeIgniter\Debug\Exceptions->errorHandler(2, 'Undefined variable $post', 'C:\\xampp\\htdocs\\app\\Views\\community\\editor.php', 56)
 2 SYSTEMPATH\View\View.php(234): include('C:\\xampp\\htdocs\\app\\Views\\community\\editor.php')
 3 SYSTEMPATH\View\View.php(237): CodeIgniter\View\View->CodeIgniter\View\{closure}()
 4 SYSTEMPATH\Common.php(1171): CodeIgniter\View\View->render('community/editor', [], true)
 5 APPPATH\Views\component\application.php(33): view('community/editor')
 6 SYSTEMPATH\View\View.php(234): include('C:\\xampp\\htdocs\\app\\Views\\component\\application.php')
 7 SYSTEMPATH\View\View.php(237): CodeIgniter\View\View->CodeIgniter\View\{closure}()
 8 SYSTEMPATH\Common.php(1171): CodeIgniter\View\View->render('component/application', [], true)
 9 APPPATH\Controllers\Community.php(27): view('component/application', [...])
10 SYSTEMPATH\CodeIgniter.php(933): App\Controllers\Community->new()
11 SYSTEMPATH\CodeIgniter.php(509): CodeIgniter\CodeIgniter->runController(Object(App\Controllers\Community))
12 SYSTEMPATH\CodeIgniter.php(355): CodeIgniter\CodeIgniter->handleRequest(null, Object(Config\Cache), false)
13 SYSTEMPATH\Boot.php(325): CodeIgniter\CodeIgniter->run()
14 SYSTEMPATH\Boot.php(67): CodeIgniter\Boot::runCodeIgniter(Object(CodeIgniter\CodeIgniter))
15 FCPATH\index.php(56): CodeIgniter\Boot::bootWeb(Object(Config\Paths))
CRITICAL - 2024-11-14 12:51:31 --> ErrorException: Undefined variable $post
[Method: GET, Route: community/new]
in APPPATH\Views\community\editor.php on line 66.
 1 APPPATH\Views\community\editor.php(66): CodeIgniter\Debug\Exceptions->errorHandler(2, 'Undefined variable $post', 'C:\\xampp\\htdocs\\app\\Views\\community\\editor.php', 66)
 2 SYSTEMPATH\View\View.php(234): include('C:\\xampp\\htdocs\\app\\Views\\community\\editor.php')
 3 SYSTEMPATH\View\View.php(237): CodeIgniter\View\View->CodeIgniter\View\{closure}()
 4 SYSTEMPATH\Common.php(1171): CodeIgniter\View\View->render('community/editor', [], true)
 5 APPPATH\Views\component\application.php(33): view('community/editor')
 6 SYSTEMPATH\View\View.php(234): include('C:\\xampp\\htdocs\\app\\Views\\component\\application.php')
 7 SYSTEMPATH\View\View.php(237): CodeIgniter\View\View->CodeIgniter\View\{closure}()
 8 SYSTEMPATH\Common.php(1171): CodeIgniter\View\View->render('component/application', [], true)
 9 APPPATH\Controllers\Community.php(27): view('component/application', [...])
10 SYSTEMPATH\CodeIgniter.php(933): App\Controllers\Community->new()
11 SYSTEMPATH\CodeIgniter.php(509): CodeIgniter\CodeIgniter->runController(Object(App\Controllers\Community))
12 SYSTEMPATH\CodeIgniter.php(355): CodeIgniter\CodeIgniter->handleRequest(null, Object(Config\Cache), false)
13 SYSTEMPATH\Boot.php(325): CodeIgniter\CodeIgniter->run()
14 SYSTEMPATH\Boot.php(67): CodeIgniter\Boot::runCodeIgniter(Object(CodeIgniter\CodeIgniter))
15 FCPATH\index.php(56): CodeIgniter\Boot::bootWeb(Object(Config\Paths))
CRITICAL - 2024-11-14 12:52:07 --> ErrorException: Undefined variable $post
[Method: GET, Route: community/new]
in APPPATH\Views\community\editor.php on line 66.
 1 APPPATH\Views\community\editor.php(66): CodeIgniter\Debug\Exceptions->errorHandler(2, 'Undefined variable $post', 'C:\\xampp\\htdocs\\app\\Views\\community\\editor.php', 66)
 2 SYSTEMPATH\View\View.php(234): include('C:\\xampp\\htdocs\\app\\Views\\community\\editor.php')
 3 SYSTEMPATH\View\View.php(237): CodeIgniter\View\View->CodeIgniter\View\{closure}()
 4 SYSTEMPATH\Common.php(1171): CodeIgniter\View\View->render('community/editor', [], true)
 5 APPPATH\Views\component\application.php(33): view('community/editor')
 6 SYSTEMPATH\View\View.php(234): include('C:\\xampp\\htdocs\\app\\Views\\component\\application.php')
 7 SYSTEMPATH\View\View.php(237): CodeIgniter\View\View->CodeIgniter\View\{closure}()
 8 SYSTEMPATH\Common.php(1171): CodeIgniter\View\View->render('component/application', [], true)
 9 APPPATH\Controllers\Community.php(27): view('component/application', [...])
10 SYSTEMPATH\CodeIgniter.php(933): App\Controllers\Community->new()
11 SYSTEMPATH\CodeIgniter.php(509): CodeIgniter\CodeIgniter->runController(Object(App\Controllers\Community))
12 SYSTEMPATH\CodeIgniter.php(355): CodeIgniter\CodeIgniter->handleRequest(null, Object(Config\Cache), false)
13 SYSTEMPATH\Boot.php(325): CodeIgniter\CodeIgniter->run()
14 SYSTEMPATH\Boot.php(67): CodeIgniter\Boot::runCodeIgniter(Object(CodeIgniter\CodeIgniter))
15 FCPATH\index.php(56): CodeIgniter\Boot::bootWeb(Object(Config\Paths))
CRITICAL - 2024-11-14 13:01:41 --> ErrorException: Undefined variable $contents
[Method: GET, Route: community/7]
in APPPATH\Views\community\index.php on line 2.
 1 APPPATH\Views\community\index.php(2): CodeIgniter\Debug\Exceptions->errorHandler(2, 'Undefined variable $contents', 'C:\\xampp\\htdocs\\app\\Views\\community\\index.php', 2)
 2 SYSTEMPATH\View\View.php(234): include('C:\\xampp\\htdocs\\app\\Views\\community\\index.php')
 3 SYSTEMPATH\View\View.php(237): CodeIgniter\View\View->CodeIgniter\View\{closure}()
 4 SYSTEMPATH\Common.php(1171): CodeIgniter\View\View->render('community/index', [], true)
 5 APPPATH\Views\component\application.php(33): view('community/index')
 6 SYSTEMPATH\View\View.php(234): include('C:\\xampp\\htdocs\\app\\Views\\component\\application.php')
 7 SYSTEMPATH\View\View.php(237): CodeIgniter\View\View->CodeIgniter\View\{closure}()
 8 SYSTEMPATH\Common.php(1171): CodeIgniter\View\View->render('component/application', [], true)
 9 APPPATH\Controllers\Community.php(21): view('component/application', [...])
10 SYSTEMPATH\CodeIgniter.php(933): App\Controllers\Community->index('7')
11 SYSTEMPATH\CodeIgniter.php(509): CodeIgniter\CodeIgniter->runController(Object(App\Controllers\Community))
12 SYSTEMPATH\CodeIgniter.php(355): CodeIgniter\CodeIgniter->handleRequest(null, Object(Config\Cache), false)
13 SYSTEMPATH\Boot.php(325): CodeIgniter\CodeIgniter->run()
14 SYSTEMPATH\Boot.php(67): CodeIgniter\Boot::runCodeIgniter(Object(CodeIgniter\CodeIgniter))
15 FCPATH\index.php(56): CodeIgniter\Boot::bootWeb(Object(Config\Paths))
CRITICAL - 2024-11-14 13:02:53 --> ErrorException: Undefined variable $contents
[Method: GET, Route: community/7]
in APPPATH\Views\community\index.php on line 2.
 1 APPPATH\Views\community\index.php(2): CodeIgniter\Debug\Exceptions->errorHandler(2, 'Undefined variable $contents', 'C:\\xampp\\htdocs\\app\\Views\\community\\index.php', 2)
 2 SYSTEMPATH\View\View.php(234): include('C:\\xampp\\htdocs\\app\\Views\\community\\index.php')
 3 SYSTEMPATH\View\View.php(237): CodeIgniter\View\View->CodeIgniter\View\{closure}()
 4 SYSTEMPATH\Common.php(1171): CodeIgniter\View\View->render('community/index', [], true)
 5 APPPATH\Views\component\application.php(33): view('community/index')
 6 SYSTEMPATH\View\View.php(234): include('C:\\xampp\\htdocs\\app\\Views\\component\\application.php')
 7 SYSTEMPATH\View\View.php(237): CodeIgniter\View\View->CodeIgniter\View\{closure}()
 8 SYSTEMPATH\Common.php(1171): CodeIgniter\View\View->render('component/application', [], true)
 9 APPPATH\Controllers\Community.php(21): view('component/application', [...])
10 SYSTEMPATH\CodeIgniter.php(933): App\Controllers\Community->index('7')
11 SYSTEMPATH\CodeIgniter.php(509): CodeIgniter\CodeIgniter->runController(Object(App\Controllers\Community))
12 SYSTEMPATH\CodeIgniter.php(355): CodeIgniter\CodeIgniter->handleRequest(null, Object(Config\Cache), false)
13 SYSTEMPATH\Boot.php(325): CodeIgniter\CodeIgniter->run()
14 SYSTEMPATH\Boot.php(67): CodeIgniter\Boot::runCodeIgniter(Object(CodeIgniter\CodeIgniter))
15 FCPATH\index.php(56): CodeIgniter\Boot::bootWeb(Object(Config\Paths))
CRITICAL - 2024-11-14 13:03:15 --> ErrorException: Undefined variable $contents
[Method: GET, Route: community/3]
in APPPATH\Views\community\index.php on line 2.
 1 APPPATH\Views\community\index.php(2): CodeIgniter\Debug\Exceptions->errorHandler(2, 'Undefined variable $contents', 'C:\\xampp\\htdocs\\app\\Views\\community\\index.php', 2)
 2 SYSTEMPATH\View\View.php(234): include('C:\\xampp\\htdocs\\app\\Views\\community\\index.php')
 3 SYSTEMPATH\View\View.php(237): CodeIgniter\View\View->CodeIgniter\View\{closure}()
 4 SYSTEMPATH\Common.php(1171): CodeIgniter\View\View->render('community/index', [], true)
 5 APPPATH\Views\component\application.php(33): view('community/index')
 6 SYSTEMPATH\View\View.php(234): include('C:\\xampp\\htdocs\\app\\Views\\component\\application.php')
 7 SYSTEMPATH\View\View.php(237): CodeIgniter\View\View->CodeIgniter\View\{closure}()
 8 SYSTEMPATH\Common.php(1171): CodeIgniter\View\View->render('component/application', [], true)
 9 APPPATH\Controllers\Community.php(21): view('component/application', [...])
10 SYSTEMPATH\CodeIgniter.php(933): App\Controllers\Community->index('3')
11 SYSTEMPATH\CodeIgniter.php(509): CodeIgniter\CodeIgniter->runController(Object(App\Controllers\Community))
12 SYSTEMPATH\CodeIgniter.php(355): CodeIgniter\CodeIgniter->handleRequest(null, Object(Config\Cache), false)
13 SYSTEMPATH\Boot.php(325): CodeIgniter\CodeIgniter->run()
14 SYSTEMPATH\Boot.php(67): CodeIgniter\Boot::runCodeIgniter(Object(CodeIgniter\CodeIgniter))
15 FCPATH\index.php(56): CodeIgniter\Boot::bootWeb(Object(Config\Paths))
CRITICAL - 2024-11-14 13:43:46 --> ErrorException: Undefined variable $contents
[Method: GET, Route: community/2]
in APPPATH\Views\community\index.php on line 2.
 1 APPPATH\Views\community\index.php(2): CodeIgniter\Debug\Exceptions->errorHandler(2, 'Undefined variable $contents', 'C:\\xampp\\htdocs\\app\\Views\\community\\index.php', 2)
 2 SYSTEMPATH\View\View.php(234): include('C:\\xampp\\htdocs\\app\\Views\\community\\index.php')
 3 SYSTEMPATH\View\View.php(237): CodeIgniter\View\View->CodeIgniter\View\{closure}()
 4 SYSTEMPATH\Common.php(1171): CodeIgniter\View\View->render('community/index', [], true)
 5 APPPATH\Views\component\application.php(33): view('community/index')
 6 SYSTEMPATH\View\View.php(234): include('C:\\xampp\\htdocs\\app\\Views\\component\\application.php')
 7 SYSTEMPATH\View\View.php(237): CodeIgniter\View\View->CodeIgniter\View\{closure}()
 8 SYSTEMPATH\Common.php(1171): CodeIgniter\View\View->render('component/application', [], true)
 9 APPPATH\Controllers\Community.php(21): view('component/application', [...])
10 SYSTEMPATH\CodeIgniter.php(933): App\Controllers\Community->index('2')
11 SYSTEMPATH\CodeIgniter.php(509): CodeIgniter\CodeIgniter->runController(Object(App\Controllers\Community))
12 SYSTEMPATH\CodeIgniter.php(355): CodeIgniter\CodeIgniter->handleRequest(null, Object(Config\Cache), false)
13 SYSTEMPATH\Boot.php(325): CodeIgniter\CodeIgniter->run()
14 SYSTEMPATH\Boot.php(67): CodeIgniter\Boot::runCodeIgniter(Object(CodeIgniter\CodeIgniter))
15 FCPATH\index.php(56): CodeIgniter\Boot::bootWeb(Object(Config\Paths))
CRITICAL - 2024-11-14 13:44:34 --> ErrorException: Undefined variable $contents
[Method: GET, Route: community/2]
in APPPATH\Views\community\index.php on line 2.
 1 APPPATH\Views\community\index.php(2): CodeIgniter\Debug\Exceptions->errorHandler(2, 'Undefined variable $contents', 'C:\\xampp\\htdocs\\app\\Views\\community\\index.php', 2)
 2 SYSTEMPATH\View\View.php(234): include('C:\\xampp\\htdocs\\app\\Views\\community\\index.php')
 3 SYSTEMPATH\View\View.php(237): CodeIgniter\View\View->CodeIgniter\View\{closure}()
 4 SYSTEMPATH\Common.php(1171): CodeIgniter\View\View->render('community/index', [], true)
 5 APPPATH\Views\component\application.php(33): view('community/index')
 6 SYSTEMPATH\View\View.php(234): include('C:\\xampp\\htdocs\\app\\Views\\component\\application.php')
 7 SYSTEMPATH\View\View.php(237): CodeIgniter\View\View->CodeIgniter\View\{closure}()
 8 SYSTEMPATH\Common.php(1171): CodeIgniter\View\View->render('component/application', [], true)
 9 APPPATH\Controllers\Community.php(21): view('component/application', [...])
10 SYSTEMPATH\CodeIgniter.php(933): App\Controllers\Community->index('2')
11 SYSTEMPATH\CodeIgniter.php(509): CodeIgniter\CodeIgniter->runController(Object(App\Controllers\Community))
12 SYSTEMPATH\CodeIgniter.php(355): CodeIgniter\CodeIgniter->handleRequest(null, Object(Config\Cache), false)
13 SYSTEMPATH\Boot.php(325): CodeIgniter\CodeIgniter->run()
14 SYSTEMPATH\Boot.php(67): CodeIgniter\Boot::runCodeIgniter(Object(CodeIgniter\CodeIgniter))
15 FCPATH\index.php(56): CodeIgniter\Boot::bootWeb(Object(Config\Paths))
CRITICAL - 2024-11-14 14:06:38 --> ErrorException: Undefined variable $contents
[Method: GET, Route: community/1]
in APPPATH\Views\community\index.php on line 2.
 1 APPPATH\Views\community\index.php(2): CodeIgniter\Debug\Exceptions->errorHandler(2, 'Undefined variable $contents', 'C:\\xampp\\htdocs\\app\\Views\\community\\index.php', 2)
 2 SYSTEMPATH\View\View.php(234): include('C:\\xampp\\htdocs\\app\\Views\\community\\index.php')
 3 SYSTEMPATH\View\View.php(237): CodeIgniter\View\View->CodeIgniter\View\{closure}()
 4 SYSTEMPATH\Common.php(1171): CodeIgniter\View\View->render('community/index', [], true)
 5 APPPATH\Views\component\application.php(33): view('community/index')
 6 SYSTEMPATH\View\View.php(234): include('C:\\xampp\\htdocs\\app\\Views\\component\\application.php')
 7 SYSTEMPATH\View\View.php(237): CodeIgniter\View\View->CodeIgniter\View\{closure}()
 8 SYSTEMPATH\Common.php(1171): CodeIgniter\View\View->render('component/application', [], true)
 9 APPPATH\Controllers\Community.php(25): view('component/application', [...])
10 SYSTEMPATH\CodeIgniter.php(933): App\Controllers\Community->index('1')
11 SYSTEMPATH\CodeIgniter.php(509): CodeIgniter\CodeIgniter->runController(Object(App\Controllers\Community))
12 SYSTEMPATH\CodeIgniter.php(355): CodeIgniter\CodeIgniter->handleRequest(null, Object(Config\Cache), false)
13 SYSTEMPATH\Boot.php(325): CodeIgniter\CodeIgniter->run()
14 SYSTEMPATH\Boot.php(67): CodeIgniter\Boot::runCodeIgniter(Object(CodeIgniter\CodeIgniter))
15 FCPATH\index.php(56): CodeIgniter\Boot::bootWeb(Object(Config\Paths))
CRITICAL - 2024-11-14 14:08:32 --> ErrorException: Undefined variable $contents
[Method: GET, Route: community/1]
in APPPATH\Views\community\index.php on line 2.
 1 APPPATH\Views\community\index.php(2): CodeIgniter\Debug\Exceptions->errorHandler(2, 'Undefined variable $contents', 'C:\\xampp\\htdocs\\app\\Views\\community\\index.php', 2)
 2 SYSTEMPATH\View\View.php(234): include('C:\\xampp\\htdocs\\app\\Views\\community\\index.php')
 3 SYSTEMPATH\View\View.php(237): CodeIgniter\View\View->CodeIgniter\View\{closure}()
 4 SYSTEMPATH\Common.php(1171): CodeIgniter\View\View->render('community/index', [], true)
 5 APPPATH\Views\component\application.php(33): view('community/index')
 6 SYSTEMPATH\View\View.php(234): include('C:\\xampp\\htdocs\\app\\Views\\component\\application.php')
 7 SYSTEMPATH\View\View.php(237): CodeIgniter\View\View->CodeIgniter\View\{closure}()
 8 SYSTEMPATH\Common.php(1171): CodeIgniter\View\View->render('component/application', [], true)
 9 APPPATH\Controllers\Community.php(25): view('component/application', [...])
10 SYSTEMPATH\CodeIgniter.php(933): App\Controllers\Community->index('1')
11 SYSTEMPATH\CodeIgniter.php(509): CodeIgniter\CodeIgniter->runController(Object(App\Controllers\Community))
12 SYSTEMPATH\CodeIgniter.php(355): CodeIgniter\CodeIgniter->handleRequest(null, Object(Config\Cache), false)
13 SYSTEMPATH\Boot.php(325): CodeIgniter\CodeIgniter->run()
14 SYSTEMPATH\Boot.php(67): CodeIgniter\Boot::runCodeIgniter(Object(CodeIgniter\CodeIgniter))
15 FCPATH\index.php(56): CodeIgniter\Boot::bootWeb(Object(Config\Paths))
CRITICAL - 2024-11-14 14:15:34 --> ErrorException: Undefined array key "posts"
[Method: GET, Route: community/1]
in APPPATH\Views\community\index.php on line 2.
 1 APPPATH\Views\community\index.php(2): CodeIgniter\Debug\Exceptions->errorHandler(2, 'Undefined array key "posts"', 'C:\\xampp\\htdocs\\app\\Views\\community\\index.php', 2)
 2 SYSTEMPATH\View\View.php(234): include('C:\\xampp\\htdocs\\app\\Views\\community\\index.php')
 3 SYSTEMPATH\View\View.php(237): CodeIgniter\View\View->CodeIgniter\View\{closure}()
 4 SYSTEMPATH\Common.php(1171): CodeIgniter\View\View->render('community/index', [], true)
 5 APPPATH\Views\component\application.php(33): view('community/index', [...])
 6 SYSTEMPATH\View\View.php(234): include('C:\\xampp\\htdocs\\app\\Views\\component\\application.php')
 7 SYSTEMPATH\View\View.php(237): CodeIgniter\View\View->CodeIgniter\View\{closure}()
 8 SYSTEMPATH\Common.php(1171): CodeIgniter\View\View->render('component/application', [], true)
 9 APPPATH\Controllers\Community.php(29): view('component/application', [...])
10 SYSTEMPATH\CodeIgniter.php(933): App\Controllers\Community->index('1')
11 SYSTEMPATH\CodeIgniter.php(509): CodeIgniter\CodeIgniter->runController(Object(App\Controllers\Community))
12 SYSTEMPATH\CodeIgniter.php(355): CodeIgniter\CodeIgniter->handleRequest(null, Object(Config\Cache), false)
13 SYSTEMPATH\Boot.php(325): CodeIgniter\CodeIgniter->run()
14 SYSTEMPATH\Boot.php(67): CodeIgniter\Boot::runCodeIgniter(Object(CodeIgniter\CodeIgniter))
15 FCPATH\index.php(56): CodeIgniter\Boot::bootWeb(Object(Config\Paths))
CRITICAL - 2024-11-14 14:15:43 --> ErrorException: Undefined variable $pageIndex
[Method: GET, Route: community/1]
in APPPATH\Views\community\index.php on line 112.
 1 APPPATH\Views\community\index.php(112): CodeIgniter\Debug\Exceptions->errorHandler(2, 'Undefined variable $pageIndex', 'C:\\xampp\\htdocs\\app\\Views\\community\\index.php', 112)
 2 SYSTEMPATH\View\View.php(234): include('C:\\xampp\\htdocs\\app\\Views\\community\\index.php')
 3 SYSTEMPATH\View\View.php(237): CodeIgniter\View\View->CodeIgniter\View\{closure}()
 4 SYSTEMPATH\Common.php(1171): CodeIgniter\View\View->render('community/index', [], true)
 5 APPPATH\Views\component\application.php(33): view('community/index', [...])
 6 SYSTEMPATH\View\View.php(234): include('C:\\xampp\\htdocs\\app\\Views\\component\\application.php')
 7 SYSTEMPATH\View\View.php(237): CodeIgniter\View\View->CodeIgniter\View\{closure}()
 8 SYSTEMPATH\Common.php(1171): CodeIgniter\View\View->render('component/application', [], true)
 9 APPPATH\Controllers\Community.php(29): view('component/application', [...])
10 SYSTEMPATH\CodeIgniter.php(933): App\Controllers\Community->index('1')
11 SYSTEMPATH\CodeIgniter.php(509): CodeIgniter\CodeIgniter->runController(Object(App\Controllers\Community))
12 SYSTEMPATH\CodeIgniter.php(355): CodeIgniter\CodeIgniter->handleRequest(null, Object(Config\Cache), false)
13 SYSTEMPATH\Boot.php(325): CodeIgniter\CodeIgniter->run()
14 SYSTEMPATH\Boot.php(67): CodeIgniter\Boot::runCodeIgniter(Object(CodeIgniter\CodeIgniter))
15 FCPATH\index.php(56): CodeIgniter\Boot::bootWeb(Object(Config\Paths))
CRITICAL - 2024-11-14 14:25:20 --> ErrorException: Undefined variable $pageIndex
[Method: GET, Route: community/new]
in APPPATH\Views\community\editor.php on line 99.
 1 APPPATH\Views\community\editor.php(99): CodeIgniter\Debug\Exceptions->errorHandler(2, 'Undefined variable $pageIndex', 'C:\\xampp\\htdocs\\app\\Views\\community\\editor.php', 99)
 2 SYSTEMPATH\View\View.php(234): include('C:\\xampp\\htdocs\\app\\Views\\community\\editor.php')
 3 SYSTEMPATH\View\View.php(237): CodeIgniter\View\View->CodeIgniter\View\{closure}()
 4 SYSTEMPATH\Common.php(1171): CodeIgniter\View\View->render('community/editor', [], true)
 5 APPPATH\Views\component\application.php(33): view('community/editor')
 6 SYSTEMPATH\View\View.php(234): include('C:\\xampp\\htdocs\\app\\Views\\component\\application.php')
 7 SYSTEMPATH\View\View.php(237): CodeIgniter\View\View->CodeIgniter\View\{closure}()
 8 SYSTEMPATH\Common.php(1171): CodeIgniter\View\View->render('component/application', [], true)
 9 APPPATH\Controllers\Community.php(35): view('component/application', [...])
10 SYSTEMPATH\CodeIgniter.php(933): App\Controllers\Community->new()
11 SYSTEMPATH\CodeIgniter.php(509): CodeIgniter\CodeIgniter->runController(Object(App\Controllers\Community))
12 SYSTEMPATH\CodeIgniter.php(355): CodeIgniter\CodeIgniter->handleRequest(null, Object(Config\Cache), false)
13 SYSTEMPATH\Boot.php(325): CodeIgniter\CodeIgniter->run()
14 SYSTEMPATH\Boot.php(67): CodeIgniter\Boot::runCodeIgniter(Object(CodeIgniter\CodeIgniter))
15 FCPATH\index.php(56): CodeIgniter\Boot::bootWeb(Object(Config\Paths))
CRITICAL - 2024-11-14 14:37:51 --> ErrorException: Undefined variable $pageIndex
[Method: GET, Route: community/new]
in APPPATH\Views\community\editor.php on line 99.
 1 APPPATH\Views\community\editor.php(99): CodeIgniter\Debug\Exceptions->errorHandler(2, 'Undefined variable $pageIndex', 'C:\\xampp\\htdocs\\app\\Views\\community\\editor.php', 99)
 2 SYSTEMPATH\View\View.php(234): include('C:\\xampp\\htdocs\\app\\Views\\community\\editor.php')
 3 SYSTEMPATH\View\View.php(237): CodeIgniter\View\View->CodeIgniter\View\{closure}()
 4 SYSTEMPATH\Common.php(1171): CodeIgniter\View\View->render('community/editor', [], true)
 5 APPPATH\Views\component\application.php(33): view('community/editor')
 6 SYSTEMPATH\View\View.php(234): include('C:\\xampp\\htdocs\\app\\Views\\component\\application.php')
 7 SYSTEMPATH\View\View.php(237): CodeIgniter\View\View->CodeIgniter\View\{closure}()
 8 SYSTEMPATH\Common.php(1171): CodeIgniter\View\View->render('component/application', [], true)
 9 APPPATH\Controllers\Community.php(35): view('component/application', [...])
10 SYSTEMPATH\CodeIgniter.php(933): App\Controllers\Community->new()
11 SYSTEMPATH\CodeIgniter.php(509): CodeIgniter\CodeIgniter->runController(Object(App\Controllers\Community))
12 SYSTEMPATH\CodeIgniter.php(355): CodeIgniter\CodeIgniter->handleRequest(null, Object(Config\Cache), false)
13 SYSTEMPATH\Boot.php(325): CodeIgniter\CodeIgniter->run()
14 SYSTEMPATH\Boot.php(67): CodeIgniter\Boot::runCodeIgniter(Object(CodeIgniter\CodeIgniter))
15 FCPATH\index.php(56): CodeIgniter\Boot::bootWeb(Object(Config\Paths))
