CRITICAL - 2024-11-12 03:41:00 --> CodeIgniter\View\Exceptions\ViewException: Invalid file: "./instagram.php"
[Method: GET, Route: home]
in SYSTEMPATH\Exceptions\FrameworkException.php on line 41.
 1 SYSTEMPATH\View\View.php(222): CodeIgniter\Exceptions\FrameworkException::forInvalidFile('./instagram.php')
 2 SYSTEMPATH\Common.php(1171): CodeIgniter\View\View->render('./instagram', [], true)
 3 APPPATH\Views\home\index.php(95): view('./instagram')
 4 SYSTEMPATH\View\View.php(234): include('C:\\xampp\\htdocs\\app\\Views\\home\\index.php')
 5 SYSTEMPATH\View\View.php(237): CodeIgniter\View\View->CodeIgniter\View\{closure}()
 6 SYSTEMPATH\Common.php(1171): CodeIgniter\View\View->render('home/index', [], true)
 7 APPPATH\Views\component\application.php(30): view('home/index')
 8 SYSTEMPATH\View\View.php(234): include('C:\\xampp\\htdocs\\app\\Views\\component\\application.php')
 9 SYSTEMPATH\View\View.php(237): CodeIgniter\View\View->CodeIgniter\View\{closure}()
10 SYSTEMPATH\Common.php(1171): CodeIgniter\View\View->render('component/application', [], true)
11 APPPATH\Controllers\Home.php(10): view('component/application', [...])
12 SYSTEMPATH\CodeIgniter.php(933): App\Controllers\Home->index()
13 SYSTEMPATH\CodeIgniter.php(509): CodeIgniter\CodeIgniter->runController(Object(App\Controllers\Home))
14 SYSTEMPATH\CodeIgniter.php(355): CodeIgniter\CodeIgniter->handleRequest(null, Object(Config\Cache), false)
15 SYSTEMPATH\Boot.php(325): CodeIgniter\CodeIgniter->run()
16 SYSTEMPATH\Boot.php(67): CodeIgniter\Boot::runCodeIgniter(Object(CodeIgniter\CodeIgniter))
17 FCPATH\index.php(56): CodeIgniter\Boot::bootWeb(Object(Config\Paths))
CRITICAL - 2024-11-12 03:41:42 --> CodeIgniter\View\Exceptions\ViewException: Invalid file: "/instagram.php"
[Method: GET, Route: home]
in SYSTEMPATH\Exceptions\FrameworkException.php on line 41.
 1 SYSTEMPATH\View\View.php(222): CodeIgniter\Exceptions\FrameworkException::forInvalidFile('/instagram.php')
 2 SYSTEMPATH\Common.php(1171): CodeIgniter\View\View->render('/instagram', [], true)
 3 APPPATH\Views\home\index.php(95): view('/instagram')
 4 SYSTEMPATH\View\View.php(234): include('C:\\xampp\\htdocs\\app\\Views\\home\\index.php')
 5 SYSTEMPATH\View\View.php(237): CodeIgniter\View\View->CodeIgniter\View\{closure}()
 6 SYSTEMPATH\Common.php(1171): CodeIgniter\View\View->render('home/index', [], true)
 7 APPPATH\Views\component\application.php(30): view('home/index')
 8 SYSTEMPATH\View\View.php(234): include('C:\\xampp\\htdocs\\app\\Views\\component\\application.php')
 9 SYSTEMPATH\View\View.php(237): CodeIgniter\View\View->CodeIgniter\View\{closure}()
10 SYSTEMPATH\Common.php(1171): CodeIgniter\View\View->render('component/application', [], true)
11 APPPATH\Controllers\Home.php(10): view('component/application', [...])
12 SYSTEMPATH\CodeIgniter.php(933): App\Controllers\Home->index()
13 SYSTEMPATH\CodeIgniter.php(509): CodeIgniter\CodeIgniter->runController(Object(App\Controllers\Home))
14 SYSTEMPATH\CodeIgniter.php(355): CodeIgniter\CodeIgniter->handleRequest(null, Object(Config\Cache), false)
15 SYSTEMPATH\Boot.php(325): CodeIgniter\CodeIgniter->run()
16 SYSTEMPATH\Boot.php(67): CodeIgniter\Boot::runCodeIgniter(Object(CodeIgniter\CodeIgniter))
17 FCPATH\index.php(56): CodeIgniter\Boot::bootWeb(Object(Config\Paths))
CRITICAL - 2024-11-12 03:42:00 --> CodeIgniter\View\Exceptions\ViewException: Invalid file: "/instagram.php"
[Method: GET, Route: home]
in SYSTEMPATH\Exceptions\FrameworkException.php on line 41.
 1 SYSTEMPATH\View\View.php(222): CodeIgniter\Exceptions\FrameworkException::forInvalidFile('/instagram.php')
 2 SYSTEMPATH\Common.php(1171): CodeIgniter\View\View->render('/instagram', [], true)
 3 APPPATH\Views\home\index.php(95): view('/instagram')
 4 SYSTEMPATH\View\View.php(234): include('C:\\xampp\\htdocs\\app\\Views\\home\\index.php')
 5 SYSTEMPATH\View\View.php(237): CodeIgniter\View\View->CodeIgniter\View\{closure}()
 6 SYSTEMPATH\Common.php(1171): CodeIgniter\View\View->render('home/index', [], true)
 7 APPPATH\Views\component\application.php(30): view('home/index')
 8 SYSTEMPATH\View\View.php(234): include('C:\\xampp\\htdocs\\app\\Views\\component\\application.php')
 9 SYSTEMPATH\View\View.php(237): CodeIgniter\View\View->CodeIgniter\View\{closure}()
10 SYSTEMPATH\Common.php(1171): CodeIgniter\View\View->render('component/application', [], true)
11 APPPATH\Controllers\Home.php(10): view('component/application', [...])
12 SYSTEMPATH\CodeIgniter.php(933): App\Controllers\Home->index()
13 SYSTEMPATH\CodeIgniter.php(509): CodeIgniter\CodeIgniter->runController(Object(App\Controllers\Home))
14 SYSTEMPATH\CodeIgniter.php(355): CodeIgniter\CodeIgniter->handleRequest(null, Object(Config\Cache), false)
15 SYSTEMPATH\Boot.php(325): CodeIgniter\CodeIgniter->run()
16 SYSTEMPATH\Boot.php(67): CodeIgniter\Boot::runCodeIgniter(Object(CodeIgniter\CodeIgniter))
17 FCPATH\index.php(56): CodeIgniter\Boot::bootWeb(Object(Config\Paths))
CRITICAL - 2024-11-12 03:42:05 --> CodeIgniter\View\Exceptions\ViewException: Invalid file: "/instagram.php"
[Method: GET, Route: home]
in SYSTEMPATH\Exceptions\FrameworkException.php on line 41.
 1 SYSTEMPATH\View\View.php(222): CodeIgniter\Exceptions\FrameworkException::forInvalidFile('/instagram.php')
 2 SYSTEMPATH\Common.php(1171): CodeIgniter\View\View->render('/instagram', [], true)
 3 APPPATH\Views\home\index.php(95): view('/instagram')
 4 SYSTEMPATH\View\View.php(234): include('C:\\xampp\\htdocs\\app\\Views\\home\\index.php')
 5 SYSTEMPATH\View\View.php(237): CodeIgniter\View\View->CodeIgniter\View\{closure}()
 6 SYSTEMPATH\Common.php(1171): CodeIgniter\View\View->render('home/index', [], true)
 7 APPPATH\Views\component\application.php(30): view('home/index')
 8 SYSTEMPATH\View\View.php(234): include('C:\\xampp\\htdocs\\app\\Views\\component\\application.php')
 9 SYSTEMPATH\View\View.php(237): CodeIgniter\View\View->CodeIgniter\View\{closure}()
10 SYSTEMPATH\Common.php(1171): CodeIgniter\View\View->render('component/application', [], true)
11 APPPATH\Controllers\Home.php(10): view('component/application', [...])
12 SYSTEMPATH\CodeIgniter.php(933): App\Controllers\Home->index()
13 SYSTEMPATH\CodeIgniter.php(509): CodeIgniter\CodeIgniter->runController(Object(App\Controllers\Home))
14 SYSTEMPATH\CodeIgniter.php(355): CodeIgniter\CodeIgniter->handleRequest(null, Object(Config\Cache), false)
15 SYSTEMPATH\Boot.php(325): CodeIgniter\CodeIgniter->run()
16 SYSTEMPATH\Boot.php(67): CodeIgniter\Boot::runCodeIgniter(Object(CodeIgniter\CodeIgniter))
17 FCPATH\index.php(56): CodeIgniter\Boot::bootWeb(Object(Config\Paths))
CRITICAL - 2024-11-12 03:42:14 --> CodeIgniter\View\Exceptions\ViewException: Invalid file: "instagram.php"
[Method: GET, Route: home]
in SYSTEMPATH\Exceptions\FrameworkException.php on line 41.
 1 SYSTEMPATH\View\View.php(222): CodeIgniter\Exceptions\FrameworkException::forInvalidFile('instagram.php')
 2 SYSTEMPATH\Common.php(1171): CodeIgniter\View\View->render('instagram', [], true)
 3 APPPATH\Views\home\index.php(95): view('instagram')
 4 SYSTEMPATH\View\View.php(234): include('C:\\xampp\\htdocs\\app\\Views\\home\\index.php')
 5 SYSTEMPATH\View\View.php(237): CodeIgniter\View\View->CodeIgniter\View\{closure}()
 6 SYSTEMPATH\Common.php(1171): CodeIgniter\View\View->render('home/index', [], true)
 7 APPPATH\Views\component\application.php(30): view('home/index')
 8 SYSTEMPATH\View\View.php(234): include('C:\\xampp\\htdocs\\app\\Views\\component\\application.php')
 9 SYSTEMPATH\View\View.php(237): CodeIgniter\View\View->CodeIgniter\View\{closure}()
10 SYSTEMPATH\Common.php(1171): CodeIgniter\View\View->render('component/application', [], true)
11 APPPATH\Controllers\Home.php(10): view('component/application', [...])
12 SYSTEMPATH\CodeIgniter.php(933): App\Controllers\Home->index()
13 SYSTEMPATH\CodeIgniter.php(509): CodeIgniter\CodeIgniter->runController(Object(App\Controllers\Home))
14 SYSTEMPATH\CodeIgniter.php(355): CodeIgniter\CodeIgniter->handleRequest(null, Object(Config\Cache), false)
15 SYSTEMPATH\Boot.php(325): CodeIgniter\CodeIgniter->run()
16 SYSTEMPATH\Boot.php(67): CodeIgniter\Boot::runCodeIgniter(Object(CodeIgniter\CodeIgniter))
17 FCPATH\index.php(56): CodeIgniter\Boot::bootWeb(Object(Config\Paths))
CRITICAL - 2024-11-12 05:55:20 --> ArgumentCountError: Too few arguments to function App\Controllers\Gallery::detail(), 0 passed in C:\xampp\htdocs\system\CodeIgniter.php on line 933 and exactly 1 expected
[Method: GET, Route: gallery/1]
in APPPATH\Controllers\Gallery.php on line 13.
 1 SYSTEMPATH\CodeIgniter.php(933): App\Controllers\Gallery->detail()
 2 SYSTEMPATH\CodeIgniter.php(509): CodeIgniter\CodeIgniter->runController(Object(App\Controllers\Gallery))
 3 SYSTEMPATH\CodeIgniter.php(355): CodeIgniter\CodeIgniter->handleRequest(null, Object(Config\Cache), false)
 4 SYSTEMPATH\Boot.php(325): CodeIgniter\CodeIgniter->run()
 5 SYSTEMPATH\Boot.php(67): CodeIgniter\Boot::runCodeIgniter(Object(CodeIgniter\CodeIgniter))
 6 FCPATH\index.php(56): CodeIgniter\Boot::bootWeb(Object(Config\Paths))
CRITICAL - 2024-11-12 05:56:05 --> ArgumentCountError: Too few arguments to function App\Controllers\Gallery::detail(), 0 passed in C:\xampp\htdocs\system\CodeIgniter.php on line 933 and exactly 1 expected
[Method: GET, Route: gallery/1]
in APPPATH\Controllers\Gallery.php on line 13.
 1 SYSTEMPATH\CodeIgniter.php(933): App\Controllers\Gallery->detail()
 2 SYSTEMPATH\CodeIgniter.php(509): CodeIgniter\CodeIgniter->runController(Object(App\Controllers\Gallery))
 3 SYSTEMPATH\CodeIgniter.php(355): CodeIgniter\CodeIgniter->handleRequest(null, Object(Config\Cache), false)
 4 SYSTEMPATH\Boot.php(325): CodeIgniter\CodeIgniter->run()
 5 SYSTEMPATH\Boot.php(67): CodeIgniter\Boot::runCodeIgniter(Object(CodeIgniter\CodeIgniter))
 6 FCPATH\index.php(56): CodeIgniter\Boot::bootWeb(Object(Config\Paths))
