CRITICAL - 2024-11-11 01:41:26 --> CodeIgniter\View\Exceptions\ViewException: Invalid file: "layouts/application.php"
[Method: GET, Route: /]
in SYSTEMPATH\Exceptions\FrameworkException.php on line 41.
 1 SYSTEMPATH\View\View.php(222): CodeIgniter\Exceptions\FrameworkException::forInvalidFile('layouts/application.php')
 2 SYSTEMPATH\Common.php(1171): CodeIgniter\View\View->render('layouts/application', [], true)
 3 APPPATH\Controllers\Home.php(10): view('layouts/application', [...])
 4 SYSTEMPATH\CodeIgniter.php(933): App\Controllers\Home->index()
 5 SYSTEMPATH\CodeIgniter.php(509): CodeIgniter\CodeIgniter->runController(Object(App\Controllers\Home))
 6 SYSTEMPATH\CodeIgniter.php(355): CodeIgniter\CodeIgniter->handleRequest(null, Object(Config\Cache), false)
 7 SYSTEMPATH\Boot.php(325): CodeIgniter\CodeIgniter->run()
 8 SYSTEMPATH\Boot.php(67): CodeIgniter\Boot::runCodeIgniter(Object(CodeIgniter\CodeIgniter))
 9 FCPATH\index.php(56): CodeIgniter\Boot::bootWeb(Object(Config\Paths))
CRITICAL - 2024-11-11 01:42:03 --> CodeIgniter\View\Exceptions\ViewException: Invalid file: "layouts/application.php"
[Method: GET, Route: /]
in SYSTEMPATH\Exceptions\FrameworkException.php on line 41.
 1 SYSTEMPATH\View\View.php(222): CodeIgniter\Exceptions\FrameworkException::forInvalidFile('layouts/application.php')
 2 SYSTEMPATH\Common.php(1171): CodeIgniter\View\View->render('layouts/application', [], true)
 3 APPPATH\Controllers\Home.php(10): view('layouts/application', [...])
 4 SYSTEMPATH\CodeIgniter.php(933): App\Controllers\Home->index()
 5 SYSTEMPATH\CodeIgniter.php(509): CodeIgniter\CodeIgniter->runController(Object(App\Controllers\Home))
 6 SYSTEMPATH\CodeIgniter.php(355): CodeIgniter\CodeIgniter->handleRequest(null, Object(Config\Cache), false)
 7 SYSTEMPATH\Boot.php(325): CodeIgniter\CodeIgniter->run()
 8 SYSTEMPATH\Boot.php(67): CodeIgniter\Boot::runCodeIgniter(Object(CodeIgniter\CodeIgniter))
 9 FCPATH\index.php(56): CodeIgniter\Boot::bootWeb(Object(Config\Paths))
CRITICAL - 2024-11-11 01:42:45 --> ErrorException: include(templates/header.php): Failed to open stream: No such file or directory
[Method: GET, Route: /]
in APPPATH\Views\component\application.php on line 23.
 1 APPPATH\Views\component\application.php(23): CodeIgniter\Debug\Exceptions->errorHandler(2, 'include(templates/header.php): Failed to open stream: No such file or directory', 'C:\\xampp\\htdocs\\app\\Views\\component\\application.php', 23)
 2 APPPATH\Views\component\application.php(23): include()
 3 SYSTEMPATH\View\View.php(234): include('C:\\xampp\\htdocs\\app\\Views\\component\\application.php')
 4 SYSTEMPATH\View\View.php(237): CodeIgniter\View\View->CodeIgniter\View\{closure}()
 5 SYSTEMPATH\Common.php(1171): CodeIgniter\View\View->render('component/application', [], true)
 6 APPPATH\Controllers\Home.php(10): view('component/application', [...])
 7 SYSTEMPATH\CodeIgniter.php(933): App\Controllers\Home->index()
 8 SYSTEMPATH\CodeIgniter.php(509): CodeIgniter\CodeIgniter->runController(Object(App\Controllers\Home))
 9 SYSTEMPATH\CodeIgniter.php(355): CodeIgniter\CodeIgniter->handleRequest(null, Object(Config\Cache), false)
10 SYSTEMPATH\Boot.php(325): CodeIgniter\CodeIgniter->run()
11 SYSTEMPATH\Boot.php(67): CodeIgniter\Boot::runCodeIgniter(Object(CodeIgniter\CodeIgniter))
12 FCPATH\index.php(56): CodeIgniter\Boot::bootWeb(Object(Config\Paths))
